nohup: 忽略输入
[2023-07-13 23:13:08,400][INFO][func:<module>]: 
{
    "name": "aiops_log_bert",
    "hyper_params": {
        "batch_size": 128,
        "epochs": 100,
        "lr": 0.01,
        "num_workers": 16,
        "device": [
            "cuda:0",
            "cuda:1"
        ],
        "valid_ratio": 0.2,
        "test_ratio": 0.2,
        "max_len": 64,
        "window_size": 10,
        "masked_ratio": 0.15,
        "layers": 12,
        "embedding_dim": 768,
        "heads": 12,
        "dropout": 0.2,
        "ffn_hidden": 1024,
        "mlm_hidden": 1024,
        "nsp_hidden": 1024
    },
    "log": {
        "log_base_dir": "/data/data1/model_log",
        "desc": "file/console",
        "file": "log.txt"
    },
    "data": {
        "data_path": "/data/data1/datasets/HDFS_1/"
    },
    "model": {
        "save_dir": "/data/data1/model_save"
    },
    "checkpoint_path": "/data/data1/checkpoint"
}
Namespace(config='models_config/aiops_log_bert.yml')
<Figure size 350x250 with 1 Axes>
[2K[2K[2023-07-13 23:14:25,608][INFO][func:evaluate]: batch
[2023-07-13 23:14:27,217][INFO][func:evaluate]: batch
[2023-07-13 23:14:27,686][INFO][func:evaluate]: batch
[2023-07-13 23:14:28,122][INFO][func:evaluate]: batch
[2023-07-13 23:14:28,563][INFO][func:evaluate]: batch
[2023-07-13 23:14:29,003][INFO][func:evaluate]: batch
[2023-07-13 23:14:29,445][INFO][func:evaluate]: batch
[2023-07-13 23:14:29,885][INFO][func:evaluate]: batch
[2023-07-13 23:14:30,325][INFO][func:evaluate]: batch
[2023-07-13 23:14:30,765][INFO][func:evaluate]: batch
[2023-07-13 23:14:31,204][INFO][func:evaluate]: batch
[2023-07-13 23:14:31,645][INFO][func:evaluate]: batch
[2023-07-13 23:14:32,085][INFO][func:evaluate]: batch
[2023-07-13 23:14:32,525][INFO][func:evaluate]: batch
[2023-07-13 23:14:32,964][INFO][func:evaluate]: batch
[2023-07-13 23:14:33,403][INFO][func:evaluate]: batch
[2023-07-13 23:14:33,846][INFO][func:evaluate]: batch
[2023-07-13 23:14:34,287][INFO][func:evaluate]: batch
[2023-07-13 23:14:34,727][INFO][func:evaluate]: batch
[2023-07-13 23:14:35,167][INFO][func:evaluate]: batch
[2023-07-13 23:14:35,606][INFO][func:evaluate]: batch
[2023-07-13 23:14:36,046][INFO][func:evaluate]: batch
[2023-07-13 23:14:36,485][INFO][func:evaluate]: batch
[2023-07-13 23:14:36,923][INFO][func:evaluate]: batch
[2023-07-13 23:14:37,364][INFO][func:evaluate]: batch
[2023-07-13 23:14:37,804][INFO][func:evaluate]: batch
[2023-07-13 23:14:38,245][INFO][func:evaluate]: batch
[2023-07-13 23:14:38,684][INFO][func:evaluate]: batch
[2023-07-13 23:14:39,124][INFO][func:evaluate]: batch
[2023-07-13 23:14:39,565][INFO][func:evaluate]: batch
[2023-07-13 23:14:40,005][INFO][func:evaluate]: batch
[2023-07-13 23:14:40,445][INFO][func:evaluate]: batch
[2023-07-13 23:14:40,885][INFO][func:evaluate]: batch
[2023-07-13 23:14:41,326][INFO][func:evaluate]: batch
[2023-07-13 23:14:41,767][INFO][func:evaluate]: batch
[2023-07-13 23:14:42,209][INFO][func:evaluate]: batch
[2023-07-13 23:14:42,649][INFO][func:evaluate]: batch
[2023-07-13 23:14:43,091][INFO][func:evaluate]: batch
[2023-07-13 23:14:43,533][INFO][func:evaluate]: batch
[2023-07-13 23:14:43,976][INFO][func:evaluate]: batch
[2023-07-13 23:14:44,418][INFO][func:evaluate]: batch
[2023-07-13 23:14:44,860][INFO][func:evaluate]: batch
[2023-07-13 23:14:45,301][INFO][func:evaluate]: batch
[2023-07-13 23:14:45,744][INFO][func:evaluate]: batch
[2023-07-13 23:14:46,185][INFO][func:evaluate]: batch
[2023-07-13 23:14:46,625][INFO][func:evaluate]: batch
[2023-07-13 23:14:47,067][INFO][func:evaluate]: batch
[2023-07-13 23:14:47,507][INFO][func:evaluate]: batch
[2023-07-13 23:14:47,948][INFO][func:evaluate]: batch
[2023-07-13 23:14:48,389][INFO][func:evaluate]: batch
[2023-07-13 23:14:48,831][INFO][func:evaluate]: batch
[2023-07-13 23:14:49,273][INFO][func:evaluate]: batch
[2023-07-13 23:14:49,714][INFO][func:evaluate]: batch
[2023-07-13 23:14:50,155][INFO][func:evaluate]: batch
[2023-07-13 23:14:50,596][INFO][func:evaluate]: batch
[2023-07-13 23:14:51,036][INFO][func:evaluate]: batch
[2023-07-13 23:14:51,478][INFO][func:evaluate]: batch
[2023-07-13 23:14:51,919][INFO][func:evaluate]: batch
[2023-07-13 23:14:52,361][INFO][func:evaluate]: batch
[2023-07-13 23:14:52,802][INFO][func:evaluate]: batch
[2023-07-13 23:14:53,243][INFO][func:evaluate]: batch
[2023-07-13 23:14:53,683][INFO][func:evaluate]: batch
[2023-07-13 23:14:54,124][INFO][func:evaluate]: batch
[2023-07-13 23:14:54,565][INFO][func:evaluate]: batch
[2023-07-13 23:14:55,005][INFO][func:evaluate]: batch
[2023-07-13 23:14:55,446][INFO][func:evaluate]: batch
[2023-07-13 23:14:55,887][INFO][func:evaluate]: batch
[2023-07-13 23:14:56,327][INFO][func:evaluate]: batch
[2023-07-13 23:14:56,770][INFO][func:evaluate]: batch
[2023-07-13 23:14:57,211][INFO][func:evaluate]: batch
[2023-07-13 23:14:57,652][INFO][func:evaluate]: batch
[2023-07-13 23:14:58,094][INFO][func:evaluate]: batch
[2023-07-13 23:14:58,537][INFO][func:evaluate]: batch
[2023-07-13 23:14:58,978][INFO][func:evaluate]: batch
[2023-07-13 23:14:59,424][INFO][func:evaluate]: batch
[2023-07-13 23:14:59,864][INFO][func:evaluate]: batch
[2023-07-13 23:15:00,306][INFO][func:evaluate]: batch
[2023-07-13 23:15:00,748][INFO][func:evaluate]: batch
[2023-07-13 23:15:01,189][INFO][func:evaluate]: batch
[2023-07-13 23:15:01,631][INFO][func:evaluate]: batch
[2023-07-13 23:15:02,073][INFO][func:evaluate]: batch
[2023-07-13 23:15:02,514][INFO][func:evaluate]: batch
[2023-07-13 23:15:02,955][INFO][func:evaluate]: batch
[2023-07-13 23:15:03,395][INFO][func:evaluate]: batch
[2023-07-13 23:15:03,835][INFO][func:evaluate]: batch
[2023-07-13 23:15:04,276][INFO][func:evaluate]: batch
[2023-07-13 23:15:04,717][INFO][func:evaluate]: batch
[2023-07-13 23:15:05,158][INFO][func:evaluate]: batch
[2023-07-13 23:15:05,598][INFO][func:evaluate]: batch
[2023-07-13 23:15:06,040][INFO][func:evaluate]: batch
[2023-07-13 23:15:06,481][INFO][func:evaluate]: batch
[2023-07-13 23:15:06,923][INFO][func:evaluate]: batch
[2023-07-13 23:15:07,364][INFO][func:evaluate]: batch
[2023-07-13 23:15:07,806][INFO][func:evaluate]: batch
[2023-07-13 23:15:08,247][INFO][func:evaluate]: batch
[2023-07-13 23:15:08,688][INFO][func:evaluate]: batch
[2023-07-13 23:15:09,129][INFO][func:evaluate]: batch
[2023-07-13 23:15:09,570][INFO][func:evaluate]: batch
[2023-07-13 23:15:10,012][INFO][func:evaluate]: batch
[2023-07-13 23:15:10,453][INFO][func:evaluate]: batch
[2023-07-13 23:15:10,895][INFO][func:evaluate]: batch
[2023-07-13 23:15:11,336][INFO][func:evaluate]: batch
[2023-07-13 23:15:11,777][INFO][func:evaluate]: batch
[2023-07-13 23:15:12,218][INFO][func:evaluate]: batch
[2023-07-13 23:15:12,659][INFO][func:evaluate]: batch
[2023-07-13 23:15:13,101][INFO][func:evaluate]: batch
[2023-07-13 23:15:13,542][INFO][func:evaluate]: batch
[2023-07-13 23:15:13,981][INFO][func:evaluate]: batch
[2023-07-13 23:15:14,422][INFO][func:evaluate]: batch
[2023-07-13 23:15:14,864][INFO][func:evaluate]: batch
[2023-07-13 23:15:15,304][INFO][func:evaluate]: batch
[2023-07-13 23:15:15,746][INFO][func:evaluate]: batch
[2023-07-13 23:15:16,187][INFO][func:evaluate]: batch
[2023-07-13 23:15:16,628][INFO][func:evaluate]: batch
[2023-07-13 23:15:17,069][INFO][func:evaluate]: batch
[2023-07-13 23:15:17,510][INFO][func:evaluate]: batch
[2023-07-13 23:15:17,951][INFO][func:evaluate]: batch
[2023-07-13 23:15:18,391][INFO][func:evaluate]: batch
[2023-07-13 23:15:18,832][INFO][func:evaluate]: batch
[2023-07-13 23:15:19,273][INFO][func:evaluate]: batch
[2023-07-13 23:15:19,714][INFO][func:evaluate]: batch
[2023-07-13 23:15:20,154][INFO][func:evaluate]: batch
[2023-07-13 23:15:20,595][INFO][func:evaluate]: batch
[2023-07-13 23:15:21,036][INFO][func:evaluate]: batch
[2023-07-13 23:15:21,477][INFO][func:evaluate]: batch
[2023-07-13 23:15:21,918][INFO][func:evaluate]: batch
[2023-07-13 23:15:22,361][INFO][func:evaluate]: batch
[2023-07-13 23:15:22,803][INFO][func:evaluate]: batch
[2023-07-13 23:15:23,245][INFO][func:evaluate]: batch
[2023-07-13 23:15:23,687][INFO][func:evaluate]: batch
[2023-07-13 23:15:24,128][INFO][func:evaluate]: batch
[2023-07-13 23:15:24,568][INFO][func:evaluate]: batch
[2023-07-13 23:15:25,009][INFO][func:evaluate]: batch
[2023-07-13 23:15:25,449][INFO][func:evaluate]: batch
[2023-07-13 23:15:25,889][INFO][func:evaluate]: batch
[2023-07-13 23:15:26,331][INFO][func:evaluate]: batch
[2023-07-13 23:15:26,772][INFO][func:evaluate]: batch
[2023-07-13 23:15:27,212][INFO][func:evaluate]: batch
[2023-07-13 23:15:27,653][INFO][func:evaluate]: batch
[2023-07-13 23:15:28,093][INFO][func:evaluate]: batch
[2023-07-13 23:15:28,533][INFO][func:evaluate]: batch
[2023-07-13 23:15:28,974][INFO][func:evaluate]: batch
[2023-07-13 23:15:29,415][INFO][func:evaluate]: batch
[2023-07-13 23:15:29,855][INFO][func:evaluate]: batch
[2023-07-13 23:15:30,296][INFO][func:evaluate]: batch
[2023-07-13 23:15:30,737][INFO][func:evaluate]: batch
[2023-07-13 23:15:31,178][INFO][func:evaluate]: batch
[2023-07-13 23:15:31,619][INFO][func:evaluate]: batch
[2023-07-13 23:15:32,061][INFO][func:evaluate]: batch
[2023-07-13 23:15:32,502][INFO][func:evaluate]: batch
[2023-07-13 23:15:32,945][INFO][func:evaluate]: batch
[2023-07-13 23:15:33,386][INFO][func:evaluate]: batch
[2023-07-13 23:15:33,828][INFO][func:evaluate]: batch
[2023-07-13 23:15:34,269][INFO][func:evaluate]: batch
[2023-07-13 23:15:34,711][INFO][func:evaluate]: batch
[2023-07-13 23:15:35,152][INFO][func:evaluate]: batch
[2023-07-13 23:15:35,593][INFO][func:evaluate]: batch
[2023-07-13 23:15:36,035][INFO][func:evaluate]: batch
[2023-07-13 23:15:36,476][INFO][func:evaluate]: batch
[2023-07-13 23:15:36,917][INFO][func:evaluate]: batch
[2023-07-13 23:15:37,361][INFO][func:evaluate]: batch
[2023-07-13 23:15:37,803][INFO][func:evaluate]: batch
[2023-07-13 23:15:38,246][INFO][func:evaluate]: batch
[2023-07-13 23:15:38,686][INFO][func:evaluate]: batch
[2023-07-13 23:15:39,128][INFO][func:evaluate]: batch
[2023-07-13 23:15:39,568][INFO][func:evaluate]: batch
[2023-07-13 23:15:40,009][INFO][func:evaluate]: batch
[2023-07-13 23:15:40,449][INFO][func:evaluate]: batch
[2023-07-13 23:15:40,890][INFO][func:evaluate]: batch
[2023-07-13 23:15:41,331][INFO][func:evaluate]: batch
[2023-07-13 23:15:41,772][INFO][func:evaluate]: batch
[2023-07-13 23:15:42,212][INFO][func:evaluate]: batch
[2023-07-13 23:15:42,654][INFO][func:evaluate]: batch
[2023-07-13 23:15:43,095][INFO][func:evaluate]: batch
[2023-07-13 23:15:43,538][INFO][func:evaluate]: batch
[2023-07-13 23:15:43,980][INFO][func:evaluate]: batch
[2023-07-13 23:15:44,421][INFO][func:evaluate]: batch
[2023-07-13 23:15:44,862][INFO][func:evaluate]: batch
[2023-07-13 23:15:45,303][INFO][func:evaluate]: batch
[2023-07-13 23:15:45,743][INFO][func:evaluate]: batch
[2023-07-13 23:15:46,184][INFO][func:evaluate]: batch
[2023-07-13 23:15:46,625][INFO][func:evaluate]: batch
[2023-07-13 23:15:47,066][INFO][func:evaluate]: batch
[2023-07-13 23:15:47,507][INFO][func:evaluate]: batch
[2023-07-13 23:15:47,948][INFO][func:evaluate]: batch
[2023-07-13 23:15:48,389][INFO][func:evaluate]: batch
[2023-07-13 23:15:48,831][INFO][func:evaluate]: batch
[2023-07-13 23:15:49,272][INFO][func:evaluate]: batch
[2023-07-13 23:15:49,714][INFO][func:evaluate]: batch
[2023-07-13 23:15:50,158][INFO][func:evaluate]: batch
[2023-07-13 23:15:50,599][INFO][func:evaluate]: batch
[2023-07-13 23:15:51,042][INFO][func:evaluate]: batch
[2023-07-13 23:15:51,484][INFO][func:evaluate]: batch
[2023-07-13 23:15:51,926][INFO][func:evaluate]: batch
[2023-07-13 23:15:52,367][INFO][func:evaluate]: batch
[2023-07-13 23:15:52,809][INFO][func:evaluate]: batch
[2023-07-13 23:15:53,251][INFO][func:evaluate]: batch
[2023-07-13 23:15:53,691][INFO][func:evaluate]: batch
[2023-07-13 23:15:54,133][INFO][func:evaluate]: batch
[2023-07-13 23:15:54,574][INFO][func:evaluate]: batch
[2023-07-13 23:15:55,016][INFO][func:evaluate]: batch
[2023-07-13 23:15:55,457][INFO][func:evaluate]: batch
[2023-07-13 23:15:55,898][INFO][func:evaluate]: batch
[2023-07-13 23:15:56,340][INFO][func:evaluate]: batch
[2023-07-13 23:15:56,781][INFO][func:evaluate]: batch
[2023-07-13 23:15:57,221][INFO][func:evaluate]: batch
[2023-07-13 23:15:57,662][INFO][func:evaluate]: batch
[2023-07-13 23:15:58,103][INFO][func:evaluate]: batch
[2023-07-13 23:15:58,544][INFO][func:evaluate]: batch
[2023-07-13 23:15:58,985][INFO][func:evaluate]: batch
[2023-07-13 23:15:59,426][INFO][func:evaluate]: batch
[2023-07-13 23:15:59,867][INFO][func:evaluate]: batch
[2023-07-13 23:16:00,309][INFO][func:evaluate]: batch
[2023-07-13 23:16:00,754][INFO][func:evaluate]: batch
[2023-07-13 23:16:01,196][INFO][func:evaluate]: batch
[2023-07-13 23:16:01,638][INFO][func:evaluate]: batch
[2023-07-13 23:16:02,080][INFO][func:evaluate]: batch
[2023-07-13 23:16:02,522][INFO][func:evaluate]: batch
[2023-07-13 23:16:02,963][INFO][func:evaluate]: batch
[2023-07-13 23:16:03,405][INFO][func:evaluate]: batch
[2023-07-13 23:16:03,847][INFO][func:evaluate]: batch
[2023-07-13 23:16:04,289][INFO][func:evaluate]: batch
[2023-07-13 23:16:04,730][INFO][func:evaluate]: batch
[2023-07-13 23:16:05,171][INFO][func:evaluate]: batch
[2023-07-13 23:16:05,614][INFO][func:evaluate]: batch
[2023-07-13 23:16:06,055][INFO][func:evaluate]: batch
[2023-07-13 23:16:06,497][INFO][func:evaluate]: batch
[2023-07-13 23:16:06,939][INFO][func:evaluate]: batch
[2023-07-13 23:16:07,379][INFO][func:evaluate]: batch
[2023-07-13 23:16:07,821][INFO][func:evaluate]: batch
[2023-07-13 23:16:08,262][INFO][func:evaluate]: batch
[2023-07-13 23:16:08,703][INFO][func:evaluate]: batch
[2023-07-13 23:16:09,146][INFO][func:evaluate]: batch
[2023-07-13 23:16:09,590][INFO][func:evaluate]: batch
[2023-07-13 23:16:10,031][INFO][func:evaluate]: batch
[2023-07-13 23:16:10,473][INFO][func:evaluate]: batch
[2023-07-13 23:16:10,917][INFO][func:evaluate]: batch
[2023-07-13 23:16:11,358][INFO][func:evaluate]: batch
[2023-07-13 23:16:11,801][INFO][func:evaluate]: batch
[2023-07-13 23:16:12,241][INFO][func:evaluate]: batch
[2023-07-13 23:16:12,683][INFO][func:evaluate]: batch
[2023-07-13 23:16:13,127][INFO][func:evaluate]: batch
[2023-07-13 23:16:13,569][INFO][func:evaluate]: batch
[2023-07-13 23:16:14,656][INFO][func:evaluate]: batch
[2023-07-13 23:16:15,098][INFO][func:evaluate]: batch
[2023-07-13 23:16:15,541][INFO][func:evaluate]: batch
[2023-07-13 23:16:15,984][INFO][func:evaluate]: batch
[2023-07-13 23:16:16,426][INFO][func:evaluate]: batch
[2023-07-13 23:16:16,869][INFO][func:evaluate]: batch
[2023-07-13 23:16:17,311][INFO][func:evaluate]: batch
[2023-07-13 23:16:17,753][INFO][func:evaluate]: batch
[2023-07-13 23:16:18,194][INFO][func:evaluate]: batch
[2023-07-13 23:16:18,635][INFO][func:evaluate]: batch
[2023-07-13 23:16:19,077][INFO][func:evaluate]: batch
[2023-07-13 23:16:19,518][INFO][func:evaluate]: batch
[2023-07-13 23:16:19,958][INFO][func:evaluate]: batch
[2023-07-13 23:16:20,401][INFO][func:evaluate]: batch
[2023-07-13 23:16:20,841][INFO][func:evaluate]: batch
[2023-07-13 23:16:21,284][INFO][func:evaluate]: batch
[2023-07-13 23:16:21,726][INFO][func:evaluate]: batch
[2023-07-13 23:16:22,167][INFO][func:evaluate]: batch
[2023-07-13 23:16:22,609][INFO][func:evaluate]: batch
[2023-07-13 23:16:23,050][INFO][func:evaluate]: batch
[2023-07-13 23:16:23,491][INFO][func:evaluate]: batch
[2023-07-13 23:16:23,933][INFO][func:evaluate]: batch
[2023-07-13 23:16:24,374][INFO][func:evaluate]: batch
[2023-07-13 23:16:24,816][INFO][func:evaluate]: batch
[2023-07-13 23:16:25,256][INFO][func:evaluate]: batch
[2023-07-13 23:16:25,699][INFO][func:evaluate]: batch
[2023-07-13 23:16:26,142][INFO][func:evaluate]: batch
[2023-07-13 23:16:26,585][INFO][func:evaluate]: batch
[2023-07-13 23:16:27,028][INFO][func:evaluate]: batch
[2023-07-13 23:16:27,471][INFO][func:evaluate]: batch
[2023-07-13 23:16:27,913][INFO][func:evaluate]: batch
[2023-07-13 23:16:28,354][INFO][func:evaluate]: batch
[2023-07-13 23:16:28,796][INFO][func:evaluate]: batch
[2023-07-13 23:16:29,238][INFO][func:evaluate]: batch
[2023-07-13 23:16:29,679][INFO][func:evaluate]: batch
[2023-07-13 23:16:30,121][INFO][func:evaluate]: batch
[2023-07-13 23:16:30,562][INFO][func:evaluate]: batch
[2023-07-13 23:16:31,004][INFO][func:evaluate]: batch
[2023-07-13 23:16:31,446][INFO][func:evaluate]: batch
[2023-07-13 23:16:31,887][INFO][func:evaluate]: batch
[2023-07-13 23:16:32,328][INFO][func:evaluate]: batch
[2023-07-13 23:16:32,769][INFO][func:evaluate]: batch
[2023-07-13 23:16:33,210][INFO][func:evaluate]: batch
[2023-07-13 23:16:33,652][INFO][func:evaluate]: batch
[2023-07-13 23:16:34,094][INFO][func:evaluate]: batch
[2023-07-13 23:16:34,535][INFO][func:evaluate]: batch
[2023-07-13 23:16:34,977][INFO][func:evaluate]: batch
[2023-07-13 23:16:35,420][INFO][func:evaluate]: batch
[2023-07-13 23:16:35,862][INFO][func:evaluate]: batch
[2023-07-13 23:16:36,304][INFO][func:evaluate]: batch
[2023-07-13 23:16:36,745][INFO][func:evaluate]: batch
[2023-07-13 23:16:37,186][INFO][func:evaluate]: batch
[2023-07-13 23:16:37,627][INFO][func:evaluate]: batch
[2023-07-13 23:16:38,068][INFO][func:evaluate]: batch
[2023-07-13 23:16:38,509][INFO][func:evaluate]: batch
[2023-07-13 23:16:38,950][INFO][func:evaluate]: batch
[2023-07-13 23:16:39,390][INFO][func:evaluate]: batch
[2023-07-13 23:16:39,831][INFO][func:evaluate]: batch
[2023-07-13 23:16:40,273][INFO][func:evaluate]: batch
[2023-07-13 23:16:40,713][INFO][func:evaluate]: batch
[2023-07-13 23:16:41,154][INFO][func:evaluate]: batch
[2023-07-13 23:16:41,596][INFO][func:evaluate]: batch
[2023-07-13 23:16:42,038][INFO][func:evaluate]: batch
[2023-07-13 23:16:42,480][INFO][func:evaluate]: batch
[2023-07-13 23:16:42,921][INFO][func:evaluate]: batch
[2023-07-13 23:16:43,362][INFO][func:evaluate]: batch
[2023-07-13 23:16:43,803][INFO][func:evaluate]: batch
[2023-07-13 23:16:44,244][INFO][func:evaluate]: batch
[2023-07-13 23:16:44,686][INFO][func:evaluate]: batch
[2023-07-13 23:16:45,127][INFO][func:evaluate]: batch
[2023-07-13 23:16:45,569][INFO][func:evaluate]: batch
[2023-07-13 23:16:46,011][INFO][func:evaluate]: batch
[2023-07-13 23:16:46,453][INFO][func:evaluate]: batch
[2023-07-13 23:16:46,895][INFO][func:evaluate]: batch
[2023-07-13 23:16:47,338][INFO][func:evaluate]: batch
[2023-07-13 23:16:47,779][INFO][func:evaluate]: batch
[2023-07-13 23:16:48,221][INFO][func:evaluate]: batch
[2023-07-13 23:16:48,663][INFO][func:evaluate]: batch
[2023-07-13 23:16:49,105][INFO][func:evaluate]: batch
[2023-07-13 23:16:49,545][INFO][func:evaluate]: batch
[2023-07-13 23:16:49,988][INFO][func:evaluate]: batch
[2023-07-13 23:16:50,430][INFO][func:evaluate]: batch
[2023-07-13 23:16:50,871][INFO][func:evaluate]: batch
[2023-07-13 23:16:51,314][INFO][func:evaluate]: batch
[2023-07-13 23:16:51,756][INFO][func:evaluate]: batch
[2023-07-13 23:16:52,197][INFO][func:evaluate]: batch
[2023-07-13 23:16:52,638][INFO][func:evaluate]: batch
[2023-07-13 23:16:53,079][INFO][func:evaluate]: batch
[2023-07-13 23:16:53,520][INFO][func:evaluate]: batch
[2023-07-13 23:16:53,962][INFO][func:evaluate]: batch
[2023-07-13 23:16:54,403][INFO][func:evaluate]: batch
[2023-07-13 23:16:54,845][INFO][func:evaluate]: batch
[2023-07-13 23:16:55,288][INFO][func:evaluate]: batch
[2023-07-13 23:16:55,729][INFO][func:evaluate]: batch
[2023-07-13 23:16:56,171][INFO][func:evaluate]: batch
[2023-07-13 23:16:56,613][INFO][func:evaluate]: batch
[2023-07-13 23:16:57,055][INFO][func:evaluate]: batch
[2023-07-13 23:16:57,497][INFO][func:evaluate]: batch
[2023-07-13 23:16:57,938][INFO][func:evaluate]: batch
[2023-07-13 23:16:58,380][INFO][func:evaluate]: batch
[2023-07-13 23:16:58,821][INFO][func:evaluate]: batch
[2023-07-13 23:16:59,262][INFO][func:evaluate]: batch
[2023-07-13 23:16:59,704][INFO][func:evaluate]: batch
[2023-07-13 23:17:00,145][INFO][func:evaluate]: batch
[2023-07-13 23:17:00,588][INFO][func:evaluate]: batch
[2023-07-13 23:17:01,030][INFO][func:evaluate]: batch
[2023-07-13 23:17:01,472][INFO][func:evaluate]: batch
[2023-07-13 23:17:01,914][INFO][func:evaluate]: batch
[2023-07-13 23:17:02,355][INFO][func:evaluate]: batch
[2023-07-13 23:17:02,797][INFO][func:evaluate]: batch
[2023-07-13 23:17:03,238][INFO][func:evaluate]: batch
[2023-07-13 23:17:03,679][INFO][func:evaluate]: batch
[2023-07-13 23:17:04,121][INFO][func:evaluate]: batch
[2023-07-13 23:17:04,564][INFO][func:evaluate]: batch
[2023-07-13 23:17:05,005][INFO][func:evaluate]: batch
[2023-07-13 23:17:05,446][INFO][func:evaluate]: batch
[2023-07-13 23:17:05,889][INFO][func:evaluate]: batch
[2023-07-13 23:17:06,332][INFO][func:evaluate]: batch
[2023-07-13 23:17:06,774][INFO][func:evaluate]: batch
[2023-07-13 23:17:07,216][INFO][func:evaluate]: batch
[2023-07-13 23:17:07,657][INFO][func:evaluate]: batch
[2023-07-13 23:17:08,099][INFO][func:evaluate]: batch
[2023-07-13 23:17:08,541][INFO][func:evaluate]: batch
[2023-07-13 23:17:08,983][INFO][func:evaluate]: batch
[2023-07-13 23:17:09,425][INFO][func:evaluate]: batch
[2023-07-13 23:17:09,867][INFO][func:evaluate]: batch
[2023-07-13 23:17:10,309][INFO][func:evaluate]: batch
[2023-07-13 23:17:10,752][INFO][func:evaluate]: batch
[2023-07-13 23:17:11,194][INFO][func:evaluate]: batch
[2023-07-13 23:17:11,635][INFO][func:evaluate]: batch
[2023-07-13 23:17:12,077][INFO][func:evaluate]: batch
[2023-07-13 23:17:12,519][INFO][func:evaluate]: batch
[2023-07-13 23:17:12,961][INFO][func:evaluate]: batch
[2023-07-13 23:17:13,403][INFO][func:evaluate]: batch
[2023-07-13 23:17:13,845][INFO][func:evaluate]: batch
[2023-07-13 23:17:14,288][INFO][func:evaluate]: batch
[2023-07-13 23:17:14,730][INFO][func:evaluate]: batch
[2023-07-13 23:17:15,172][INFO][func:evaluate]: batch
[2023-07-13 23:17:15,614][INFO][func:evaluate]: batch
[2023-07-13 23:17:16,056][INFO][func:evaluate]: batch
[2023-07-13 23:17:16,498][INFO][func:evaluate]: batch
[2023-07-13 23:17:16,941][INFO][func:evaluate]: batch
[2023-07-13 23:17:17,383][INFO][func:evaluate]: batch
[2023-07-13 23:17:17,825][INFO][func:evaluate]: batch
[2023-07-13 23:17:18,268][INFO][func:evaluate]: batch
[2023-07-13 23:17:18,710][INFO][func:evaluate]: batch
[2023-07-13 23:17:19,152][INFO][func:evaluate]: batch
[2023-07-13 23:17:19,594][INFO][func:evaluate]: batch
[2023-07-13 23:17:20,037][INFO][func:evaluate]: batch
[2023-07-13 23:17:20,479][INFO][func:evaluate]: batch
[2023-07-13 23:17:20,921][INFO][func:evaluate]: batch
[2023-07-13 23:17:21,364][INFO][func:evaluate]: batch
[2023-07-13 23:17:21,806][INFO][func:evaluate]: batch
[2023-07-13 23:17:22,248][INFO][func:evaluate]: batch
[2023-07-13 23:17:22,690][INFO][func:evaluate]: batch
[2023-07-13 23:17:23,131][INFO][func:evaluate]: batch
[2023-07-13 23:17:23,573][INFO][func:evaluate]: batch
[2023-07-13 23:17:24,015][INFO][func:evaluate]: batch
[2023-07-13 23:17:24,457][INFO][func:evaluate]: batch
[2023-07-13 23:17:24,898][INFO][func:evaluate]: batch
[2023-07-13 23:17:25,339][INFO][func:evaluate]: batch
[2023-07-13 23:17:25,783][INFO][func:evaluate]: batch
[2023-07-13 23:17:26,225][INFO][func:evaluate]: batch
[2023-07-13 23:17:26,668][INFO][func:evaluate]: batch
[2023-07-13 23:17:27,111][INFO][func:evaluate]: batch
[2023-07-13 23:17:27,552][INFO][func:evaluate]: batch
[2023-07-13 23:17:27,994][INFO][func:evaluate]: batch
[2023-07-13 23:17:28,437][INFO][func:evaluate]: batch
[2023-07-13 23:17:28,879][INFO][func:evaluate]: batch
[2023-07-13 23:17:29,324][INFO][func:evaluate]: batch
[2023-07-13 23:17:29,766][INFO][func:evaluate]: batch
[2023-07-13 23:17:30,207][INFO][func:evaluate]: batch
[2023-07-13 23:17:30,650][INFO][func:evaluate]: batch
[2023-07-13 23:17:31,093][INFO][func:evaluate]: batch
[2023-07-13 23:17:31,535][INFO][func:evaluate]: batch
[2023-07-13 23:17:31,978][INFO][func:evaluate]: batch
[2023-07-13 23:17:32,420][INFO][func:evaluate]: batch
[2023-07-13 23:17:32,863][INFO][func:evaluate]: batch
[2023-07-13 23:17:33,305][INFO][func:evaluate]: batch
[2023-07-13 23:17:33,747][INFO][func:evaluate]: batch
[2023-07-13 23:17:34,190][INFO][func:evaluate]: batch
[2023-07-13 23:17:34,632][INFO][func:evaluate]: batch
[2023-07-13 23:17:35,074][INFO][func:evaluate]: batch
[2023-07-13 23:17:35,518][INFO][func:evaluate]: batch
[2023-07-13 23:17:35,960][INFO][func:evaluate]: batch
[2023-07-13 23:17:36,402][INFO][func:evaluate]: batch
[2023-07-13 23:17:36,845][INFO][func:evaluate]: batch
[2023-07-13 23:17:37,286][INFO][func:evaluate]: batch
[2023-07-13 23:17:37,728][INFO][func:evaluate]: batch
[2023-07-13 23:17:38,171][INFO][func:evaluate]: batch
[2023-07-13 23:17:38,614][INFO][func:evaluate]: batch
[2023-07-13 23:17:39,057][INFO][func:evaluate]: batch
[2023-07-13 23:17:39,500][INFO][func:evaluate]: batch
[2023-07-13 23:17:39,943][INFO][func:evaluate]: batch
[2023-07-13 23:17:40,384][INFO][func:evaluate]: batch
[2023-07-13 23:17:40,827][INFO][func:evaluate]: batch
[2023-07-13 23:17:41,269][INFO][func:evaluate]: batch
[2023-07-13 23:17:41,712][INFO][func:evaluate]: batch
[2023-07-13 23:17:42,154][INFO][func:evaluate]: batch
[2023-07-13 23:17:42,597][INFO][func:evaluate]: batch
[2023-07-13 23:17:43,040][INFO][func:evaluate]: batch
[2023-07-13 23:17:43,483][INFO][func:evaluate]: batch
[2023-07-13 23:17:43,925][INFO][func:evaluate]: batch
[2023-07-13 23:17:44,368][INFO][func:evaluate]: batch
[2023-07-13 23:17:44,811][INFO][func:evaluate]: batch
[2023-07-13 23:17:45,254][INFO][func:evaluate]: batch
[2023-07-13 23:17:45,697][INFO][func:evaluate]: batch
[2023-07-13 23:17:46,140][INFO][func:evaluate]: batch
[2023-07-13 23:17:46,582][INFO][func:evaluate]: batch
[2023-07-13 23:17:47,026][INFO][func:evaluate]: batch
[2023-07-13 23:17:47,468][INFO][func:evaluate]: batch
[2023-07-13 23:17:47,911][INFO][func:evaluate]: batch
[2023-07-13 23:17:48,355][INFO][func:evaluate]: batch
[2023-07-13 23:17:48,798][INFO][func:evaluate]: batch
[2023-07-13 23:17:49,241][INFO][func:evaluate]: batch
[2023-07-13 23:17:49,684][INFO][func:evaluate]: batch
[2023-07-13 23:17:50,128][INFO][func:evaluate]: batch
[2023-07-13 23:17:50,571][INFO][func:evaluate]: batch
[2023-07-13 23:17:51,014][INFO][func:evaluate]: batch
[2023-07-13 23:17:51,458][INFO][func:evaluate]: batch
[2023-07-13 23:17:51,901][INFO][func:evaluate]: batch
[2023-07-13 23:17:52,344][INFO][func:evaluate]: batch
[2023-07-13 23:17:52,788][INFO][func:evaluate]: batch
[2023-07-13 23:17:53,231][INFO][func:evaluate]: batch
[2023-07-13 23:17:53,674][INFO][func:evaluate]: batch
[2023-07-13 23:17:54,117][INFO][func:evaluate]: batch
[2023-07-13 23:17:54,560][INFO][func:evaluate]: batch
[2023-07-13 23:17:55,003][INFO][func:evaluate]: batch
[2023-07-13 23:17:55,445][INFO][func:evaluate]: batch
[2023-07-13 23:17:55,889][INFO][func:evaluate]: batch
[2023-07-13 23:17:56,332][INFO][func:evaluate]: batch
[2023-07-13 23:17:56,775][INFO][func:evaluate]: batch
[2023-07-13 23:17:57,218][INFO][func:evaluate]: batch
[2023-07-13 23:17:57,662][INFO][func:evaluate]: batch
[2023-07-13 23:17:58,105][INFO][func:evaluate]: batch
[2023-07-13 23:17:58,549][INFO][func:evaluate]: batch
[2023-07-13 23:17:58,993][INFO][func:evaluate]: batch
[2023-07-13 23:17:59,436][INFO][func:evaluate]: batch
[2023-07-13 23:17:59,879][INFO][func:evaluate]: batch
[2023-07-13 23:18:00,323][INFO][func:evaluate]: batch
[2023-07-13 23:18:00,767][INFO][func:evaluate]: batch
[2023-07-13 23:18:01,210][INFO][func:evaluate]: batch
[2023-07-13 23:18:01,653][INFO][func:evaluate]: batch
[2023-07-13 23:18:02,096][INFO][func:evaluate]: batch
[2023-07-13 23:18:02,538][INFO][func:evaluate]: batch
[2023-07-13 23:18:02,982][INFO][func:evaluate]: batch
[2023-07-13 23:18:03,425][INFO][func:evaluate]: batch
[2023-07-13 23:18:03,868][INFO][func:evaluate]: batch
[2023-07-13 23:18:04,311][INFO][func:evaluate]: batch
[2023-07-13 23:18:04,754][INFO][func:evaluate]: batch
[2023-07-13 23:18:05,197][INFO][func:evaluate]: batch
[2023-07-13 23:18:05,640][INFO][func:evaluate]: batch
[2023-07-13 23:18:06,083][INFO][func:evaluate]: batch
[2023-07-13 23:18:06,527][INFO][func:evaluate]: batch
[2023-07-13 23:18:06,970][INFO][func:evaluate]: batch
[2023-07-13 23:18:07,413][INFO][func:evaluate]: batch
[2023-07-13 23:18:07,857][INFO][func:evaluate]: batch
[2023-07-13 23:18:08,300][INFO][func:evaluate]: batch
[2023-07-13 23:18:08,743][INFO][func:evaluate]: batch
[2023-07-13 23:18:09,187][INFO][func:evaluate]: batch
[2023-07-13 23:18:09,631][INFO][func:evaluate]: batch
[2023-07-13 23:18:10,074][INFO][func:evaluate]: batch
[2023-07-13 23:18:10,517][INFO][func:evaluate]: batch
[2023-07-13 23:18:10,962][INFO][func:evaluate]: batch
[2023-07-13 23:18:11,405][INFO][func:evaluate]: batch
[2023-07-13 23:18:11,849][INFO][func:evaluate]: batch
[2023-07-13 23:18:12,293][INFO][func:evaluate]: batch
[2023-07-13 23:18:12,736][INFO][func:evaluate]: batch
[2023-07-13 23:18:13,179][INFO][func:evaluate]: batch
[2023-07-13 23:18:13,623][INFO][func:evaluate]: batch
[2023-07-13 23:18:14,067][INFO][func:evaluate]: batch
[2023-07-13 23:18:14,510][INFO][func:evaluate]: batch
[2023-07-13 23:18:14,953][INFO][func:evaluate]: batch
[2023-07-13 23:18:15,396][INFO][func:evaluate]: batch
[2023-07-13 23:18:15,839][INFO][func:evaluate]: batch
[2023-07-13 23:18:16,282][INFO][func:evaluate]: batch
[2023-07-13 23:18:16,725][INFO][func:evaluate]: batch
[2023-07-13 23:18:17,169][INFO][func:evaluate]: batch
[2023-07-13 23:18:17,611][INFO][func:evaluate]: batch
[2023-07-13 23:18:18,054][INFO][func:evaluate]: batch
[2023-07-13 23:18:18,497][INFO][func:evaluate]: batch
[2023-07-13 23:18:18,941][INFO][func:evaluate]: batch
[2023-07-13 23:18:19,384][INFO][func:evaluate]: batch
[2023-07-13 23:18:19,828][INFO][func:evaluate]: batch
[2023-07-13 23:18:20,270][INFO][func:evaluate]: batch
[2023-07-13 23:18:20,713][INFO][func:evaluate]: batch
[2023-07-13 23:18:21,156][INFO][func:evaluate]: batch
[2023-07-13 23:18:21,599][INFO][func:evaluate]: batch
[2023-07-13 23:18:22,042][INFO][func:evaluate]: batch
[2023-07-13 23:18:22,486][INFO][func:evaluate]: batch
[2023-07-13 23:18:22,929][INFO][func:evaluate]: batch
[2023-07-13 23:18:23,372][INFO][func:evaluate]: batch
[2023-07-13 23:18:23,815][INFO][func:evaluate]: batch
[2023-07-13 23:18:24,258][INFO][func:evaluate]: batch
[2023-07-13 23:18:24,701][INFO][func:evaluate]: batch
[2023-07-13 23:18:25,145][INFO][func:evaluate]: batch
[2023-07-13 23:18:25,587][INFO][func:evaluate]: batch
[2023-07-13 23:18:26,031][INFO][func:evaluate]: batch
[2023-07-13 23:18:26,474][INFO][func:evaluate]: batch
[2023-07-13 23:18:26,917][INFO][func:evaluate]: batch
[2023-07-13 23:18:27,361][INFO][func:evaluate]: batch
[2023-07-13 23:18:27,805][INFO][func:evaluate]: batch
[2023-07-13 23:18:28,247][INFO][func:evaluate]: batch
[2023-07-13 23:18:28,691][INFO][func:evaluate]: batch
[2023-07-13 23:18:29,134][INFO][func:evaluate]: batch
[2023-07-13 23:18:29,577][INFO][func:evaluate]: batch
[2023-07-13 23:18:30,021][INFO][func:evaluate]: batch
[2023-07-13 23:18:30,464][INFO][func:evaluate]: batch
[2023-07-13 23:18:30,907][INFO][func:evaluate]: batch
[2023-07-13 23:18:31,351][INFO][func:evaluate]: batch
[2023-07-13 23:18:31,793][INFO][func:evaluate]: batch
[2023-07-13 23:18:32,236][INFO][func:evaluate]: batch
[2023-07-13 23:18:32,680][INFO][func:evaluate]: batch
[2023-07-13 23:18:33,123][INFO][func:evaluate]: batch
[2023-07-13 23:18:33,566][INFO][func:evaluate]: batch
[2023-07-13 23:18:34,009][INFO][func:evaluate]: batch
[2023-07-13 23:18:34,451][INFO][func:evaluate]: batch
[2023-07-13 23:18:34,894][INFO][func:evaluate]: batch
[2023-07-13 23:18:35,338][INFO][func:evaluate]: batch
[2023-07-13 23:18:35,781][INFO][func:evaluate]: batch
[2023-07-13 23:18:36,224][INFO][func:evaluate]: batch
[2023-07-13 23:18:36,666][INFO][func:evaluate]: batch
[2023-07-13 23:18:37,109][INFO][func:evaluate]: batch
[2023-07-13 23:18:37,553][INFO][func:evaluate]: batch
[2023-07-13 23:18:37,997][INFO][func:evaluate]: batch
[2023-07-13 23:18:38,441][INFO][func:evaluate]: batch
[2023-07-13 23:18:38,884][INFO][func:evaluate]: batch
[2023-07-13 23:18:39,328][INFO][func:evaluate]: batch
[2023-07-13 23:18:39,771][INFO][func:evaluate]: batch
[2023-07-13 23:18:40,214][INFO][func:evaluate]: batch
[2023-07-13 23:18:40,657][INFO][func:evaluate]: batch
[2023-07-13 23:18:41,101][INFO][func:evaluate]: batch
[2023-07-13 23:18:41,543][INFO][func:evaluate]: batch
[2023-07-13 23:18:41,987][INFO][func:evaluate]: batch
[2023-07-13 23:18:42,430][INFO][func:evaluate]: batch
[2023-07-13 23:18:42,873][INFO][func:evaluate]: batch
[2023-07-13 23:18:43,316][INFO][func:evaluate]: batch
[2023-07-13 23:18:43,759][INFO][func:evaluate]: batch
[2023-07-13 23:18:44,202][INFO][func:evaluate]: batch
[2023-07-13 23:18:44,645][INFO][func:evaluate]: batch
[2023-07-13 23:18:45,088][INFO][func:evaluate]: batch
[2023-07-13 23:18:45,531][INFO][func:evaluate]: batch
[2023-07-13 23:18:45,974][INFO][func:evaluate]: batch
[2023-07-13 23:18:46,418][INFO][func:evaluate]: batch
[2023-07-13 23:18:46,860][INFO][func:evaluate]: batch
[2023-07-13 23:18:47,303][INFO][func:evaluate]: batch
[2023-07-13 23:18:47,746][INFO][func:evaluate]: batch
[2023-07-13 23:18:48,189][INFO][func:evaluate]: batch
[2023-07-13 23:18:48,633][INFO][func:evaluate]: batch
[2023-07-13 23:18:49,076][INFO][func:evaluate]: batch
[2023-07-13 23:18:49,519][INFO][func:evaluate]: batch
[2023-07-13 23:18:49,963][INFO][func:evaluate]: batch
[2023-07-13 23:18:50,406][INFO][func:evaluate]: batch
[2023-07-13 23:18:50,850][INFO][func:evaluate]: batch
[2023-07-13 23:18:51,293][INFO][func:evaluate]: batch
[2023-07-13 23:18:51,736][INFO][func:evaluate]: batch
[2023-07-13 23:18:52,178][INFO][func:evaluate]: batch
[2023-07-13 23:18:52,621][INFO][func:evaluate]: batch
[2023-07-13 23:18:53,064][INFO][func:evaluate]: batch
[2023-07-13 23:18:53,507][INFO][func:evaluate]: batch
[2023-07-13 23:18:53,950][INFO][func:evaluate]: batch
[2023-07-13 23:18:54,393][INFO][func:evaluate]: batch
[2023-07-13 23:18:54,836][INFO][func:evaluate]: batch
[2023-07-13 23:18:55,279][INFO][func:evaluate]: batch
[2023-07-13 23:18:55,721][INFO][func:evaluate]: batch
[2023-07-13 23:18:56,164][INFO][func:evaluate]: batch
[2023-07-13 23:18:56,608][INFO][func:evaluate]: batch
[2023-07-13 23:18:57,051][INFO][func:evaluate]: batch
[2023-07-13 23:18:57,495][INFO][func:evaluate]: batch
[2023-07-13 23:18:57,937][INFO][func:evaluate]: batch
[2023-07-13 23:18:58,379][INFO][func:evaluate]: batch
[2023-07-13 23:18:58,822][INFO][func:evaluate]: batch
[2023-07-13 23:18:59,264][INFO][func:evaluate]: batch
[2023-07-13 23:18:59,708][INFO][func:evaluate]: batch
[2023-07-13 23:19:00,151][INFO][func:evaluate]: batch
[2023-07-13 23:19:00,594][INFO][func:evaluate]: batch
[2023-07-13 23:19:01,036][INFO][func:evaluate]: batch
[2023-07-13 23:19:01,478][INFO][func:evaluate]: batch
[2023-07-13 23:19:01,920][INFO][func:evaluate]: batch
[2023-07-13 23:19:02,363][INFO][func:evaluate]: batch
[2023-07-13 23:19:02,806][INFO][func:evaluate]: batch
[2023-07-13 23:19:03,249][INFO][func:evaluate]: batch
[2023-07-13 23:19:03,693][INFO][func:evaluate]: batch
[2023-07-13 23:19:04,136][INFO][func:evaluate]: batch
[2023-07-13 23:19:04,579][INFO][func:evaluate]: batch
[2023-07-13 23:19:05,022][INFO][func:evaluate]: batch
[2023-07-13 23:19:05,465][INFO][func:evaluate]: batch
[2023-07-13 23:19:05,907][INFO][func:evaluate]: batch
[2023-07-13 23:19:06,350][INFO][func:evaluate]: batch
[2023-07-13 23:19:06,793][INFO][func:evaluate]: batch
[2023-07-13 23:19:07,237][INFO][func:evaluate]: batch
[2023-07-13 23:19:07,680][INFO][func:evaluate]: batch
[2023-07-13 23:19:08,122][INFO][func:evaluate]: batch
[2023-07-13 23:19:08,565][INFO][func:evaluate]: batch
[2023-07-13 23:19:09,008][INFO][func:evaluate]: batch
[2023-07-13 23:19:09,450][INFO][func:evaluate]: batch
[2023-07-13 23:19:09,893][INFO][func:evaluate]: batch
[2023-07-13 23:19:10,336][INFO][func:evaluate]: batch
[2023-07-13 23:19:10,778][INFO][func:evaluate]: batch
[2023-07-13 23:19:11,222][INFO][func:evaluate]: batch
[2023-07-13 23:19:11,665][INFO][func:evaluate]: batch
[2023-07-13 23:19:12,108][INFO][func:evaluate]: batch
[2023-07-13 23:19:12,551][INFO][func:evaluate]: batch
[2023-07-13 23:19:12,994][INFO][func:evaluate]: batch
[2023-07-13 23:19:13,436][INFO][func:evaluate]: batch
[2023-07-13 23:19:13,879][INFO][func:evaluate]: batch
[2023-07-13 23:19:14,322][INFO][func:evaluate]: batch
[2023-07-13 23:19:14,766][INFO][func:evaluate]: batch
[2023-07-13 23:19:15,208][INFO][func:evaluate]: batch
[2023-07-13 23:19:15,651][INFO][func:evaluate]: batch
[2023-07-13 23:19:16,093][INFO][func:evaluate]: batch
[2023-07-13 23:19:16,536][INFO][func:evaluate]: batch
[2023-07-13 23:19:16,978][INFO][func:evaluate]: batch
[2023-07-13 23:19:17,421][INFO][func:evaluate]: batch
[2023-07-13 23:19:17,864][INFO][func:evaluate]: batch
[2023-07-13 23:19:18,307][INFO][func:evaluate]: batch
[2023-07-13 23:19:18,749][INFO][func:evaluate]: batch
[2023-07-13 23:19:19,192][INFO][func:evaluate]: batch
[2023-07-13 23:19:19,634][INFO][func:evaluate]: batch
[2023-07-13 23:19:20,077][INFO][func:evaluate]: batch
[2023-07-13 23:19:20,520][INFO][func:evaluate]: batch
[2023-07-13 23:19:20,963][INFO][func:evaluate]: batch
[2023-07-13 23:19:21,406][INFO][func:evaluate]: batch
[2023-07-13 23:19:21,849][INFO][func:evaluate]: batch
[2023-07-13 23:19:22,291][INFO][func:evaluate]: batch
[2023-07-13 23:19:22,734][INFO][func:evaluate]: batch
[2023-07-13 23:19:23,176][INFO][func:evaluate]: batch
[2023-07-13 23:19:23,619][INFO][func:evaluate]: batch
[2023-07-13 23:19:24,061][INFO][func:evaluate]: batch
[2023-07-13 23:19:24,505][INFO][func:evaluate]: batch
[2023-07-13 23:19:24,947][INFO][func:evaluate]: batch
[2023-07-13 23:19:25,389][INFO][func:evaluate]: batch
[2023-07-13 23:19:25,832][INFO][func:evaluate]: batch
[2023-07-13 23:19:26,274][INFO][func:evaluate]: batch
[2023-07-13 23:19:26,716][INFO][func:evaluate]: batch
[2023-07-13 23:19:27,158][INFO][func:evaluate]: batch
[2023-07-13 23:19:27,600][INFO][func:evaluate]: batch
[2023-07-13 23:19:28,043][INFO][func:evaluate]: batch
[2023-07-13 23:19:28,487][INFO][func:evaluate]: batch
[2023-07-13 23:19:28,930][INFO][func:evaluate]: batch
[2023-07-13 23:19:29,372][INFO][func:evaluate]: batch
[2023-07-13 23:19:29,815][INFO][func:evaluate]: batch
[2023-07-13 23:19:30,259][INFO][func:evaluate]: batch
[2023-07-13 23:19:30,702][INFO][func:evaluate]: batch
[2023-07-13 23:19:31,144][INFO][func:evaluate]: batch
[2023-07-13 23:19:31,586][INFO][func:evaluate]: batch
[2023-07-13 23:19:32,029][INFO][func:evaluate]: batch
[2023-07-13 23:19:32,472][INFO][func:evaluate]: batch
[2023-07-13 23:19:32,914][INFO][func:evaluate]: batch
[2023-07-13 23:19:33,357][INFO][func:evaluate]: batch
[2023-07-13 23:19:33,801][INFO][func:evaluate]: batch
[2023-07-13 23:19:34,244][INFO][func:evaluate]: batch
[2023-07-13 23:19:34,686][INFO][func:evaluate]: batch
[2023-07-13 23:19:35,129][INFO][func:evaluate]: batch
[2023-07-13 23:19:35,572][INFO][func:evaluate]: batch
[2023-07-13 23:19:36,014][INFO][func:evaluate]: batch
[2023-07-13 23:19:36,458][INFO][func:evaluate]: batch
[2023-07-13 23:19:36,902][INFO][func:evaluate]: batch
[2023-07-13 23:19:37,344][INFO][func:evaluate]: batch
[2023-07-13 23:19:37,787][INFO][func:evaluate]: batch
[2023-07-13 23:19:38,230][INFO][func:evaluate]: batch
[2023-07-13 23:19:38,673][INFO][func:evaluate]: batch
[2023-07-13 23:19:39,115][INFO][func:evaluate]: batch
[2023-07-13 23:19:39,558][INFO][func:evaluate]: batch
[2023-07-13 23:19:40,001][INFO][func:evaluate]: batch
[2023-07-13 23:19:40,443][INFO][func:evaluate]: batch
[2023-07-13 23:19:40,885][INFO][func:evaluate]: batch
[2023-07-13 23:19:41,328][INFO][func:evaluate]: batch
[2023-07-13 23:19:41,771][INFO][func:evaluate]: batch
[2023-07-13 23:19:42,214][INFO][func:evaluate]: batch
[2023-07-13 23:19:42,657][INFO][func:evaluate]: batch
[2023-07-13 23:19:43,100][INFO][func:evaluate]: batch
[2023-07-13 23:19:43,542][INFO][func:evaluate]: batch
[2023-07-13 23:19:43,985][INFO][func:evaluate]: batch
[2023-07-13 23:19:44,428][INFO][func:evaluate]: batch
[2023-07-13 23:19:44,871][INFO][func:evaluate]: batch
[2023-07-13 23:19:45,313][INFO][func:evaluate]: batch
[2023-07-13 23:19:45,756][INFO][func:evaluate]: batch
[2023-07-13 23:19:46,198][INFO][func:evaluate]: batch
[2023-07-13 23:19:46,641][INFO][func:evaluate]: batch
[2023-07-13 23:19:47,083][INFO][func:evaluate]: batch
[2023-07-13 23:19:47,526][INFO][func:evaluate]: batch
[2023-07-13 23:19:47,968][INFO][func:evaluate]: batch
[2023-07-13 23:19:48,411][INFO][func:evaluate]: batch
[2023-07-13 23:19:48,854][INFO][func:evaluate]: batch
[2023-07-13 23:19:49,297][INFO][func:evaluate]: batch
[2023-07-13 23:19:49,739][INFO][func:evaluate]: batch
[2023-07-13 23:19:50,182][INFO][func:evaluate]: batch
[2023-07-13 23:19:50,624][INFO][func:evaluate]: batch
[2023-07-13 23:19:51,067][INFO][func:evaluate]: batch
[2023-07-13 23:19:51,510][INFO][func:evaluate]: batch
[2023-07-13 23:19:51,953][INFO][func:evaluate]: batch
[2023-07-13 23:19:52,396][INFO][func:evaluate]: batch
[2023-07-13 23:19:52,839][INFO][func:evaluate]: batch
[2023-07-13 23:19:53,282][INFO][func:evaluate]: batch
[2023-07-13 23:19:53,725][INFO][func:evaluate]: batch
[2023-07-13 23:19:54,168][INFO][func:evaluate]: batch
[2023-07-13 23:19:54,611][INFO][func:evaluate]: batch
[2023-07-13 23:19:55,054][INFO][func:evaluate]: batch
[2023-07-13 23:19:55,497][INFO][func:evaluate]: batch
[2023-07-13 23:19:55,940][INFO][func:evaluate]: batch
[2023-07-13 23:19:56,383][INFO][func:evaluate]: batch
[2023-07-13 23:19:56,825][INFO][func:evaluate]: batch
[2023-07-13 23:19:57,268][INFO][func:evaluate]: batch
[2023-07-13 23:19:57,711][INFO][func:evaluate]: batch
[2023-07-13 23:19:58,154][INFO][func:evaluate]: batch
[2023-07-13 23:19:58,596][INFO][func:evaluate]: batch
[2023-07-13 23:19:59,040][INFO][func:evaluate]: batch
[2023-07-13 23:19:59,482][INFO][func:evaluate]: batch
[2023-07-13 23:19:59,924][INFO][func:evaluate]: batch
[2023-07-13 23:20:00,367][INFO][func:evaluate]: batch
[2023-07-13 23:20:00,811][INFO][func:evaluate]: batch
[2023-07-13 23:20:01,253][INFO][func:evaluate]: batch
[2023-07-13 23:20:01,696][INFO][func:evaluate]: batch
[2023-07-13 23:20:02,139][INFO][func:evaluate]: batch
[2023-07-13 23:20:02,581][INFO][func:evaluate]: batch
[2023-07-13 23:20:03,024][INFO][func:evaluate]: batch
[2023-07-13 23:20:03,467][INFO][func:evaluate]: batch
[2023-07-13 23:20:03,910][INFO][func:evaluate]: batch
[2023-07-13 23:20:04,353][INFO][func:evaluate]: batch
[2023-07-13 23:20:04,796][INFO][func:evaluate]: batch
[2023-07-13 23:20:05,238][INFO][func:evaluate]: batch
[2023-07-13 23:20:05,680][INFO][func:evaluate]: batch
[2023-07-13 23:20:06,123][INFO][func:evaluate]: batch
[2023-07-13 23:20:06,566][INFO][func:evaluate]: batch
[2023-07-13 23:20:07,009][INFO][func:evaluate]: batch
[2023-07-13 23:20:07,452][INFO][func:evaluate]: batch
[2023-07-13 23:20:07,894][INFO][func:evaluate]: batch
[2023-07-13 23:20:08,337][INFO][func:evaluate]: batch
[2023-07-13 23:20:08,779][INFO][func:evaluate]: batch
[2023-07-13 23:20:09,223][INFO][func:evaluate]: batch
[2023-07-13 23:20:09,665][INFO][func:evaluate]: batch
[2023-07-13 23:20:10,108][INFO][func:evaluate]: batch
[2023-07-13 23:20:10,550][INFO][func:evaluate]: batch
[2023-07-13 23:20:10,993][INFO][func:evaluate]: batch
[2023-07-13 23:20:11,436][INFO][func:evaluate]: batch
[2023-07-13 23:20:11,879][INFO][func:evaluate]: batch
[2023-07-13 23:20:12,322][INFO][func:evaluate]: batch
[2023-07-13 23:20:12,765][INFO][func:evaluate]: batch
[2023-07-13 23:20:13,208][INFO][func:evaluate]: batch
[2023-07-13 23:20:13,650][INFO][func:evaluate]: batch
[2023-07-13 23:20:14,093][INFO][func:evaluate]: batch
[2023-07-13 23:20:14,534][INFO][func:evaluate]: batch
[2023-07-13 23:20:14,977][INFO][func:evaluate]: batch
[2023-07-13 23:20:15,420][INFO][func:evaluate]: batch
[2023-07-13 23:20:15,863][INFO][func:evaluate]: batch
[2023-07-13 23:20:16,306][INFO][func:evaluate]: batch
[2023-07-13 23:20:16,749][INFO][func:evaluate]: batch
[2023-07-13 23:20:17,192][INFO][func:evaluate]: batch
[2023-07-13 23:20:17,634][INFO][func:evaluate]: batch
[2023-07-13 23:20:18,077][INFO][func:evaluate]: batch
[2023-07-13 23:20:18,520][INFO][func:evaluate]: batch
[2023-07-13 23:20:18,964][INFO][func:evaluate]: batch
[2023-07-13 23:20:19,407][INFO][func:evaluate]: batch
[2023-07-13 23:20:19,850][INFO][func:evaluate]: batch
[2023-07-13 23:20:20,293][INFO][func:evaluate]: batch
[2023-07-13 23:20:20,735][INFO][func:evaluate]: batch
[2023-07-13 23:20:21,178][INFO][func:evaluate]: batch
[2023-07-13 23:20:21,623][INFO][func:evaluate]: batch
[2023-07-13 23:20:22,066][INFO][func:evaluate]: batch
[2023-07-13 23:20:22,508][INFO][func:evaluate]: batch
[2023-07-13 23:20:22,952][INFO][func:evaluate]: batch
[2023-07-13 23:20:23,394][INFO][func:evaluate]: batch
[2023-07-13 23:20:23,837][INFO][func:evaluate]: batch
[2023-07-13 23:20:24,280][INFO][func:evaluate]: batch
[2023-07-13 23:20:24,723][INFO][func:evaluate]: batch
[2023-07-13 23:20:25,166][INFO][func:evaluate]: batch
[2023-07-13 23:20:25,609][INFO][func:evaluate]: batch
[2023-07-13 23:20:26,052][INFO][func:evaluate]: batch
[2023-07-13 23:20:26,495][INFO][func:evaluate]: batch
[2023-07-13 23:20:26,938][INFO][func:evaluate]: batch
[2023-07-13 23:20:27,381][INFO][func:evaluate]: batch
[2023-07-13 23:20:27,825][INFO][func:evaluate]: batch
[2023-07-13 23:20:28,267][INFO][func:evaluate]: batch
[2023-07-13 23:20:28,709][INFO][func:evaluate]: batch
[2023-07-13 23:20:29,152][INFO][func:evaluate]: batch
[2023-07-13 23:20:29,595][INFO][func:evaluate]: batch
[2023-07-13 23:20:30,037][INFO][func:evaluate]: batch
[2023-07-13 23:20:30,480][INFO][func:evaluate]: batch
[2023-07-13 23:20:30,923][INFO][func:evaluate]: batch
[2023-07-13 23:20:31,365][INFO][func:evaluate]: batch
[2023-07-13 23:20:31,807][INFO][func:evaluate]: batch
[2023-07-13 23:20:32,249][INFO][func:evaluate]: batch
[2023-07-13 23:20:32,692][INFO][func:evaluate]: batch
[2023-07-13 23:20:33,135][INFO][func:evaluate]: batch
[2023-07-13 23:20:33,577][INFO][func:evaluate]: batch
[2023-07-13 23:20:34,020][INFO][func:evaluate]: batch
[2023-07-13 23:20:34,464][INFO][func:evaluate]: batch
[2023-07-13 23:20:34,907][INFO][func:evaluate]: batch
[2023-07-13 23:20:35,350][INFO][func:evaluate]: batch
[2023-07-13 23:20:35,792][INFO][func:evaluate]: batch
[2023-07-13 23:20:36,236][INFO][func:evaluate]: batch
[2023-07-13 23:20:36,679][INFO][func:evaluate]: batch
[2023-07-13 23:20:37,122][INFO][func:evaluate]: batch
[2023-07-13 23:20:37,565][INFO][func:evaluate]: batch
[2023-07-13 23:20:38,008][INFO][func:evaluate]: batch
[2023-07-13 23:20:38,451][INFO][func:evaluate]: batch
[2023-07-13 23:20:38,894][INFO][func:evaluate]: batch
[2023-07-13 23:20:39,337][INFO][func:evaluate]: batch
[2023-07-13 23:20:39,779][INFO][func:evaluate]: batch
[2023-07-13 23:20:40,222][INFO][func:evaluate]: batch
[2023-07-13 23:20:40,664][INFO][func:evaluate]: batch
[2023-07-13 23:20:41,107][INFO][func:evaluate]: batch
[2023-07-13 23:20:41,549][INFO][func:evaluate]: batch
[2023-07-13 23:20:41,992][INFO][func:evaluate]: batch
[2023-07-13 23:20:42,434][INFO][func:evaluate]: batch
[2023-07-13 23:20:42,877][INFO][func:evaluate]: batch
[2023-07-13 23:20:43,320][INFO][func:evaluate]: batch
[2023-07-13 23:20:43,761][INFO][func:evaluate]: batch
[2023-07-13 23:20:44,204][INFO][func:evaluate]: batch
[2023-07-13 23:20:44,646][INFO][func:evaluate]: batch
[2023-07-13 23:20:45,089][INFO][func:evaluate]: batch
[2023-07-13 23:20:45,531][INFO][func:evaluate]: batch
[2023-07-13 23:20:45,974][INFO][func:evaluate]: batch
[2023-07-13 23:20:46,418][INFO][func:evaluate]: batch
[2023-07-13 23:20:46,860][INFO][func:evaluate]: batch
[2023-07-13 23:20:47,303][INFO][func:evaluate]: batch
[2023-07-13 23:20:47,746][INFO][func:evaluate]: batch
[2023-07-13 23:20:48,188][INFO][func:evaluate]: batch
[2023-07-13 23:20:48,631][INFO][func:evaluate]: batch
[2023-07-13 23:20:49,074][INFO][func:evaluate]: batch
[2023-07-13 23:20:49,516][INFO][func:evaluate]: batch
[2023-07-13 23:20:49,958][INFO][func:evaluate]: batch
[2023-07-13 23:20:50,401][INFO][func:evaluate]: batch
[2023-07-13 23:20:50,843][INFO][func:evaluate]: batch
[2023-07-13 23:20:51,285][INFO][func:evaluate]: batch
[2023-07-13 23:20:51,728][INFO][func:evaluate]: batch
[2023-07-13 23:20:52,170][INFO][func:evaluate]: batch
[2023-07-13 23:20:52,613][INFO][func:evaluate]: batch
[2023-07-13 23:20:53,056][INFO][func:evaluate]: batch
[2023-07-13 23:20:53,498][INFO][func:evaluate]: batch
[2023-07-13 23:20:53,941][INFO][func:evaluate]: batch
[2023-07-13 23:20:54,384][INFO][func:evaluate]: batch
[2023-07-13 23:20:54,826][INFO][func:evaluate]: batch
[2023-07-13 23:20:55,269][INFO][func:evaluate]: batch
[2023-07-13 23:20:55,713][INFO][func:evaluate]: batch
[2023-07-13 23:20:56,156][INFO][func:evaluate]: batch
[2023-07-13 23:20:56,598][INFO][func:evaluate]: batch
[2023-07-13 23:20:57,041][INFO][func:evaluate]: batch
[2023-07-13 23:20:57,483][INFO][func:evaluate]: batch
[2023-07-13 23:20:57,926][INFO][func:evaluate]: batch
[2023-07-13 23:20:58,369][INFO][func:evaluate]: batch
[2023-07-13 23:20:58,813][INFO][func:evaluate]: batch
[2023-07-13 23:20:59,255][INFO][func:evaluate]: batch
[2023-07-13 23:20:59,698][INFO][func:evaluate]: batch
[2023-07-13 23:21:00,140][INFO][func:evaluate]: batch
[2023-07-13 23:21:00,581][INFO][func:evaluate]: batch
[2023-07-13 23:21:01,024][INFO][func:evaluate]: batch
[2023-07-13 23:21:01,467][INFO][func:evaluate]: batch
[2023-07-13 23:21:01,910][INFO][func:evaluate]: batch
[2023-07-13 23:21:02,354][INFO][func:evaluate]: batch
[2023-07-13 23:21:02,796][INFO][func:evaluate]: batch
[2023-07-13 23:21:03,239][INFO][func:evaluate]: batch
[2023-07-13 23:21:03,681][INFO][func:evaluate]: batch
[2023-07-13 23:21:04,124][INFO][func:evaluate]: batch
[2023-07-13 23:21:04,567][INFO][func:evaluate]: batch
[2023-07-13 23:21:05,010][INFO][func:evaluate]: batch
[2023-07-13 23:21:05,453][INFO][func:evaluate]: batch
[2023-07-13 23:21:05,895][INFO][func:evaluate]: batch
[2023-07-13 23:21:06,338][INFO][func:evaluate]: batch
[2023-07-13 23:21:06,782][INFO][func:evaluate]: batch
[2023-07-13 23:21:07,225][INFO][func:evaluate]: batch
[2023-07-13 23:21:07,667][INFO][func:evaluate]: batch
[2023-07-13 23:21:08,110][INFO][func:evaluate]: batch
[2023-07-13 23:21:08,553][INFO][func:evaluate]: batch
[2023-07-13 23:21:08,996][INFO][func:evaluate]: batch
[2023-07-13 23:21:09,439][INFO][func:evaluate]: batch
[2023-07-13 23:21:09,882][INFO][func:evaluate]: batch
[2023-07-13 23:21:10,325][INFO][func:evaluate]: batch
[2023-07-13 23:21:10,769][INFO][func:evaluate]: batch
[2023-07-13 23:21:11,212][INFO][func:evaluate]: batch
[2023-07-13 23:21:11,654][INFO][func:evaluate]: batch
[2023-07-13 23:21:12,098][INFO][func:evaluate]: batch
[2023-07-13 23:21:12,540][INFO][func:evaluate]: batch
[2023-07-13 23:21:12,984][INFO][func:evaluate]: batch
[2023-07-13 23:21:13,427][INFO][func:evaluate]: batch
[2023-07-13 23:21:13,869][INFO][func:evaluate]: batch
[2023-07-13 23:21:14,311][INFO][func:evaluate]: batch
[2023-07-13 23:21:14,754][INFO][func:evaluate]: batch
[2023-07-13 23:21:15,196][INFO][func:evaluate]: batch
[2023-07-13 23:21:15,638][INFO][func:evaluate]: batch
[2023-07-13 23:21:16,081][INFO][func:evaluate]: batch
[2023-07-13 23:21:16,524][INFO][func:evaluate]: batch
[2023-07-13 23:21:16,967][INFO][func:evaluate]: batch
[2023-07-13 23:21:17,411][INFO][func:evaluate]: batch
[2023-07-13 23:21:17,854][INFO][func:evaluate]: batch
[2023-07-13 23:21:18,297][INFO][func:evaluate]: batch
[2023-07-13 23:21:18,741][INFO][func:evaluate]: batch
[2023-07-13 23:21:19,185][INFO][func:evaluate]: batch
[2023-07-13 23:21:19,628][INFO][func:evaluate]: batch
[2023-07-13 23:21:20,071][INFO][func:evaluate]: batch
[2023-07-13 23:21:20,514][INFO][func:evaluate]: batch
[2023-07-13 23:21:20,957][INFO][func:evaluate]: batch
[2023-07-13 23:21:21,400][INFO][func:evaluate]: batch
[2023-07-13 23:21:21,844][INFO][func:evaluate]: batch
[2023-07-13 23:21:22,286][INFO][func:evaluate]: batch
[2023-07-13 23:21:22,728][INFO][func:evaluate]: batch
[2023-07-13 23:21:23,172][INFO][func:evaluate]: batch
[2023-07-13 23:21:23,614][INFO][func:evaluate]: batch
[2023-07-13 23:21:24,057][INFO][func:evaluate]: batch
[2023-07-13 23:21:24,500][INFO][func:evaluate]: batch
[2023-07-13 23:21:24,943][INFO][func:evaluate]: batch
[2023-07-13 23:21:25,386][INFO][func:evaluate]: batch
[2023-07-13 23:21:25,829][INFO][func:evaluate]: batch
[2023-07-13 23:21:26,271][INFO][func:evaluate]: batch
[2023-07-13 23:21:26,714][INFO][func:evaluate]: batch
[2023-07-13 23:21:27,157][INFO][func:evaluate]: batch
[2023-07-13 23:21:27,601][INFO][func:evaluate]: batch
[2023-07-13 23:21:28,044][INFO][func:evaluate]: batch
[2023-07-13 23:21:28,486][INFO][func:evaluate]: batch
[2023-07-13 23:21:28,929][INFO][func:evaluate]: batch
[2023-07-13 23:21:29,371][INFO][func:evaluate]: batch
[2023-07-13 23:21:29,814][INFO][func:evaluate]: batch
[2023-07-13 23:21:30,257][INFO][func:evaluate]: batch
[2023-07-13 23:21:30,701][INFO][func:evaluate]: batch
[2023-07-13 23:21:31,144][INFO][func:evaluate]: batch
[2023-07-13 23:21:31,586][INFO][func:evaluate]: batch
[2023-07-13 23:21:32,029][INFO][func:evaluate]: batch
[2023-07-13 23:21:32,472][INFO][func:evaluate]: batch
[2023-07-13 23:21:32,914][INFO][func:evaluate]: batch
[2023-07-13 23:21:33,358][INFO][func:evaluate]: batch
[2023-07-13 23:21:33,801][INFO][func:evaluate]: batch
[2023-07-13 23:21:34,243][INFO][func:evaluate]: batch
[2023-07-13 23:21:34,687][INFO][func:evaluate]: batch
[2023-07-13 23:21:35,129][INFO][func:evaluate]: batch
[2023-07-13 23:21:35,572][INFO][func:evaluate]: batch
[2023-07-13 23:21:36,015][INFO][func:evaluate]: batch
[2023-07-13 23:21:36,459][INFO][func:evaluate]: batch
[2023-07-13 23:21:36,902][INFO][func:evaluate]: batch
[2023-07-13 23:21:37,344][INFO][func:evaluate]: batch
[2023-07-13 23:21:37,787][INFO][func:evaluate]: batch
[2023-07-13 23:21:38,229][INFO][func:evaluate]: batch
[2023-07-13 23:21:38,672][INFO][func:evaluate]: batch
[2023-07-13 23:21:39,115][INFO][func:evaluate]: batch
[2023-07-13 23:21:39,558][INFO][func:evaluate]: batch
[2023-07-13 23:21:40,001][INFO][func:evaluate]: batch
[2023-07-13 23:21:40,443][INFO][func:evaluate]: batch
[2023-07-13 23:21:40,886][INFO][func:evaluate]: batch
[2023-07-13 23:21:41,329][INFO][func:evaluate]: batch
[2023-07-13 23:21:41,771][INFO][func:evaluate]: batch
[2023-07-13 23:21:42,215][INFO][func:evaluate]: batch
[2023-07-13 23:21:42,658][INFO][func:evaluate]: batch
[2023-07-13 23:21:43,102][INFO][func:evaluate]: batch
[2023-07-13 23:21:43,544][INFO][func:evaluate]: batch
[2023-07-13 23:21:43,986][INFO][func:evaluate]: batch
[2023-07-13 23:21:44,430][INFO][func:evaluate]: batch
[2023-07-13 23:21:44,873][INFO][func:evaluate]: batch
[2023-07-13 23:21:45,317][INFO][func:evaluate]: batch
[2023-07-13 23:21:45,759][INFO][func:evaluate]: batch
[2023-07-13 23:21:46,202][INFO][func:evaluate]: batch
[2023-07-13 23:21:46,644][INFO][func:evaluate]: batch
[2023-07-13 23:21:47,087][INFO][func:evaluate]: batch
[2023-07-13 23:21:47,531][INFO][func:evaluate]: batch
[2023-07-13 23:21:47,974][INFO][func:evaluate]: batch
[2023-07-13 23:21:48,417][INFO][func:evaluate]: batch
[2023-07-13 23:21:48,860][INFO][func:evaluate]: batch
[2023-07-13 23:21:49,302][INFO][func:evaluate]: batch
[2023-07-13 23:21:49,745][INFO][func:evaluate]: batch
[2023-07-13 23:21:50,188][INFO][func:evaluate]: batch
[2023-07-13 23:21:50,631][INFO][func:evaluate]: batch
[2023-07-13 23:21:51,074][INFO][func:evaluate]: batch
[2023-07-13 23:21:51,516][INFO][func:evaluate]: batch
[2023-07-13 23:21:51,958][INFO][func:evaluate]: batch
[2023-07-13 23:21:52,401][INFO][func:evaluate]: batch
[2023-07-13 23:21:52,844][INFO][func:evaluate]: batch
[2023-07-13 23:21:53,287][INFO][func:evaluate]: batch
[2023-07-13 23:21:53,730][INFO][func:evaluate]: batch
[2023-07-13 23:21:54,173][INFO][func:evaluate]: batch
[2023-07-13 23:21:54,616][INFO][func:evaluate]: batch
[2023-07-13 23:21:55,060][INFO][func:evaluate]: batch
[2023-07-13 23:21:55,504][INFO][func:evaluate]: batch
[2023-07-13 23:21:55,948][INFO][func:evaluate]: batch
[2023-07-13 23:21:56,392][INFO][func:evaluate]: batch
[2023-07-13 23:21:56,835][INFO][func:evaluate]: batch
[2023-07-13 23:21:57,277][INFO][func:evaluate]: batch
[2023-07-13 23:21:57,720][INFO][func:evaluate]: batch
[2023-07-13 23:21:58,163][INFO][func:evaluate]: batch
[2023-07-13 23:21:58,606][INFO][func:evaluate]: batch
[2023-07-13 23:21:59,049][INFO][func:evaluate]: batch
[2023-07-13 23:21:59,492][INFO][func:evaluate]: batch
[2023-07-13 23:21:59,934][INFO][func:evaluate]: batch
[2023-07-13 23:22:00,377][INFO][func:evaluate]: batch
[2023-07-13 23:22:00,819][INFO][func:evaluate]: batch
[2023-07-13 23:22:01,262][INFO][func:evaluate]: batch
[2023-07-13 23:22:01,705][INFO][func:evaluate]: batch
[2023-07-13 23:22:02,149][INFO][func:evaluate]: batch
[2023-07-13 23:22:02,591][INFO][func:evaluate]: batch
[2023-07-13 23:22:03,033][INFO][func:evaluate]: batch
[2023-07-13 23:22:03,476][INFO][func:evaluate]: batch
[2023-07-13 23:22:03,919][INFO][func:evaluate]: batch
[2023-07-13 23:22:04,362][INFO][func:evaluate]: batch
[2023-07-13 23:22:04,805][INFO][func:evaluate]: batch
[2023-07-13 23:22:05,247][INFO][func:evaluate]: batch
[2023-07-13 23:22:05,690][INFO][func:evaluate]: batch
[2023-07-13 23:22:06,134][INFO][func:evaluate]: batch
[2023-07-13 23:22:06,577][INFO][func:evaluate]: batch
[2023-07-13 23:22:07,019][INFO][func:evaluate]: batch
[2023-07-13 23:22:07,463][INFO][func:evaluate]: batch
[2023-07-13 23:22:07,905][INFO][func:evaluate]: batch
[2023-07-13 23:22:08,349][INFO][func:evaluate]: batch
[2023-07-13 23:22:08,792][INFO][func:evaluate]: batch
[2023-07-13 23:22:09,234][INFO][func:evaluate]: batch
[2023-07-13 23:22:09,677][INFO][func:evaluate]: batch
[2023-07-13 23:22:10,120][INFO][func:evaluate]: batch
[2023-07-13 23:22:10,563][INFO][func:evaluate]: batch
[2023-07-13 23:22:11,006][INFO][func:evaluate]: batch
[2023-07-13 23:22:11,449][INFO][func:evaluate]: batch
[2023-07-13 23:22:11,892][INFO][func:evaluate]: batch
[2023-07-13 23:22:12,334][INFO][func:evaluate]: batch
[2023-07-13 23:22:12,777][INFO][func:evaluate]: batch
[2023-07-13 23:22:13,220][INFO][func:evaluate]: batch
[2023-07-13 23:22:13,663][INFO][func:evaluate]: batch
[2023-07-13 23:22:14,107][INFO][func:evaluate]: batch
[2023-07-13 23:22:14,550][INFO][func:evaluate]: batch
[2023-07-13 23:22:14,992][INFO][func:evaluate]: batch
[2023-07-13 23:22:15,435][INFO][func:evaluate]: batch
[2023-07-13 23:22:15,877][INFO][func:evaluate]: batch
[2023-07-13 23:22:16,319][INFO][func:evaluate]: batch
[2023-07-13 23:22:16,761][INFO][func:evaluate]: batch
[2023-07-13 23:22:17,205][INFO][func:evaluate]: batch
[2023-07-13 23:22:17,648][INFO][func:evaluate]: batch
[2023-07-13 23:22:18,091][INFO][func:evaluate]: batch
[2023-07-13 23:22:18,534][INFO][func:evaluate]: batch
[2023-07-13 23:22:18,977][INFO][func:evaluate]: batch
[2023-07-13 23:22:19,421][INFO][func:evaluate]: batch
[2023-07-13 23:22:19,864][INFO][func:evaluate]: batch
[2023-07-13 23:22:20,307][INFO][func:evaluate]: batch
[2023-07-13 23:22:20,750][INFO][func:evaluate]: batch
[2023-07-13 23:22:21,192][INFO][func:evaluate]: batch
[2023-07-13 23:22:21,635][INFO][func:evaluate]: batch
[2023-07-13 23:22:22,078][INFO][func:evaluate]: batch
[2023-07-13 23:22:22,521][INFO][func:evaluate]: batch
[2023-07-13 23:22:22,965][INFO][func:evaluate]: batch
[2023-07-13 23:22:23,407][INFO][func:evaluate]: batch
[2023-07-13 23:22:23,851][INFO][func:evaluate]: batch
[2023-07-13 23:22:24,294][INFO][func:evaluate]: batch
[2023-07-13 23:22:24,737][INFO][func:evaluate]: batch
[2023-07-13 23:22:25,180][INFO][func:evaluate]: batch
[2023-07-13 23:22:25,624][INFO][func:evaluate]: batch
[2023-07-13 23:22:26,067][INFO][func:evaluate]: batch
[2023-07-13 23:22:26,510][INFO][func:evaluate]: batch
[2023-07-13 23:22:26,953][INFO][func:evaluate]: batch
[2023-07-13 23:22:27,396][INFO][func:evaluate]: batch
[2023-07-13 23:22:27,841][INFO][func:evaluate]: batch
[2023-07-13 23:22:28,284][INFO][func:evaluate]: batch
[2023-07-13 23:22:28,727][INFO][func:evaluate]: batch
[2023-07-13 23:22:29,170][INFO][func:evaluate]: batch
[2023-07-13 23:22:29,612][INFO][func:evaluate]: batch
[2023-07-13 23:22:30,055][INFO][func:evaluate]: batch
[2023-07-13 23:22:30,499][INFO][func:evaluate]: batch
[2023-07-13 23:22:30,942][INFO][func:evaluate]: batch
[2023-07-13 23:22:31,384][INFO][func:evaluate]: batch
[2023-07-13 23:22:31,827][INFO][func:evaluate]: batch
[2023-07-13 23:22:32,270][INFO][func:evaluate]: batch
[2023-07-13 23:22:32,712][INFO][func:evaluate]: batch
[2023-07-13 23:22:33,156][INFO][func:evaluate]: batch
[2023-07-13 23:22:33,599][INFO][func:evaluate]: batch
[2023-07-13 23:22:34,043][INFO][func:evaluate]: batch
[2023-07-13 23:22:34,485][INFO][func:evaluate]: batch
[2023-07-13 23:22:34,927][INFO][func:evaluate]: batch
[2023-07-13 23:22:35,371][INFO][func:evaluate]: batch
[2023-07-13 23:22:35,813][INFO][func:evaluate]: batch
[2023-07-13 23:22:36,257][INFO][func:evaluate]: batch
[2023-07-13 23:22:36,700][INFO][func:evaluate]: batch
[2023-07-13 23:22:37,143][INFO][func:evaluate]: batch
[2023-07-13 23:22:37,585][INFO][func:evaluate]: batch
[2023-07-13 23:22:38,028][INFO][func:evaluate]: batch
[2023-07-13 23:22:38,471][INFO][func:evaluate]: batch
[2023-07-13 23:22:38,915][INFO][func:evaluate]: batch
[2023-07-13 23:22:39,359][INFO][func:evaluate]: batch
[2023-07-13 23:22:39,801][INFO][func:evaluate]: batch
[2023-07-13 23:22:40,243][INFO][func:evaluate]: batch
[2023-07-13 23:22:40,686][INFO][func:evaluate]: batch
[2023-07-13 23:22:41,130][INFO][func:evaluate]: batch
[2023-07-13 23:22:41,573][INFO][func:evaluate]: batch
[2023-07-13 23:22:42,017][INFO][func:evaluate]: batch
[2023-07-13 23:22:42,460][INFO][func:evaluate]: batch
[2023-07-13 23:22:42,903][INFO][func:evaluate]: batch
[2023-07-13 23:22:43,346][INFO][func:evaluate]: batch
[2023-07-13 23:22:43,789][INFO][func:evaluate]: batch
[2023-07-13 23:22:44,233][INFO][func:evaluate]: batch
[2023-07-13 23:22:44,677][INFO][func:evaluate]: batch
[2023-07-13 23:22:45,120][INFO][func:evaluate]: batch
[2023-07-13 23:22:46,179][INFO][func:evaluate]: batch
[2023-07-13 23:22:46,622][INFO][func:evaluate]: batch
[2023-07-13 23:22:47,064][INFO][func:evaluate]: batch
[2023-07-13 23:22:47,508][INFO][func:evaluate]: batch
[2023-07-13 23:22:47,952][INFO][func:evaluate]: batch
[2023-07-13 23:22:48,395][INFO][func:evaluate]: batch
[2023-07-13 23:22:48,838][INFO][func:evaluate]: batch
[2023-07-13 23:22:49,281][INFO][func:evaluate]: batch
[2023-07-13 23:22:49,724][INFO][func:evaluate]: batch
[2023-07-13 23:22:50,167][INFO][func:evaluate]: batch
[2023-07-13 23:22:50,612][INFO][func:evaluate]: batch
[2023-07-13 23:22:51,055][INFO][func:evaluate]: batch
[2023-07-13 23:22:51,498][INFO][func:evaluate]: batch
[2023-07-13 23:22:51,941][INFO][func:evaluate]: batch
[2023-07-13 23:22:52,385][INFO][func:evaluate]: batch
[2023-07-13 23:22:52,828][INFO][func:evaluate]: batch
[2023-07-13 23:22:53,271][INFO][func:evaluate]: batch
[2023-07-13 23:22:53,715][INFO][func:evaluate]: batch
[2023-07-13 23:22:54,158][INFO][func:evaluate]: batch
[2023-07-13 23:22:54,600][INFO][func:evaluate]: batch
[2023-07-13 23:22:55,043][INFO][func:evaluate]: batch
[2023-07-13 23:22:55,487][INFO][func:evaluate]: batch
[2023-07-13 23:22:55,931][INFO][func:evaluate]: batch
[2023-07-13 23:22:56,373][INFO][func:evaluate]: batch
[2023-07-13 23:22:56,816][INFO][func:evaluate]: batch
[2023-07-13 23:22:57,258][INFO][func:evaluate]: batch
[2023-07-13 23:22:57,701][INFO][func:evaluate]: batch
[2023-07-13 23:22:58,143][INFO][func:evaluate]: batch
[2023-07-13 23:22:58,588][INFO][func:evaluate]: batch
[2023-07-13 23:22:59,032][INFO][func:evaluate]: batch
[2023-07-13 23:22:59,475][INFO][func:evaluate]: batch
[2023-07-13 23:22:59,919][INFO][func:evaluate]: batch
[2023-07-13 23:23:00,363][INFO][func:evaluate]: batch
[2023-07-13 23:23:00,805][INFO][func:evaluate]: batch
[2023-07-13 23:23:01,249][INFO][func:evaluate]: batch
[2023-07-13 23:23:01,692][INFO][func:evaluate]: batch
[2023-07-13 23:23:02,135][INFO][func:evaluate]: batch
[2023-07-13 23:23:02,577][INFO][func:evaluate]: batch
[2023-07-13 23:23:03,019][INFO][func:evaluate]: batch
[2023-07-13 23:23:03,463][INFO][func:evaluate]: batch
[2023-07-13 23:23:03,906][INFO][func:evaluate]: batch
[2023-07-13 23:23:04,350][INFO][func:evaluate]: batch
[2023-07-13 23:23:04,793][INFO][func:evaluate]: batch
[2023-07-13 23:23:05,235][INFO][func:evaluate]: batch
[2023-07-13 23:23:05,678][INFO][func:evaluate]: batch
[2023-07-13 23:23:06,121][INFO][func:evaluate]: batch
[2023-07-13 23:23:06,566][INFO][func:evaluate]: batch
[2023-07-13 23:23:07,010][INFO][func:evaluate]: batch
[2023-07-13 23:23:07,454][INFO][func:evaluate]: batch
[2023-07-13 23:23:07,897][INFO][func:evaluate]: batch
[2023-07-13 23:23:08,340][INFO][func:evaluate]: batch
[2023-07-13 23:23:08,783][INFO][func:evaluate]: batch
[2023-07-13 23:23:09,228][INFO][func:evaluate]: batch
[2023-07-13 23:23:09,672][INFO][func:evaluate]: batch
[2023-07-13 23:23:10,115][INFO][func:evaluate]: batch
[2023-07-13 23:23:10,559][INFO][func:evaluate]: batch
[2023-07-13 23:23:11,003][INFO][func:evaluate]: batch
[2023-07-13 23:23:11,447][INFO][func:evaluate]: batch
[2023-07-13 23:23:11,890][INFO][func:evaluate]: batch
[2023-07-13 23:23:12,333][INFO][func:evaluate]: batch
[2023-07-13 23:23:12,777][INFO][func:evaluate]: batch
[2023-07-13 23:23:13,219][INFO][func:evaluate]: batch
[2023-07-13 23:23:13,662][INFO][func:evaluate]: batch
[2023-07-13 23:23:14,106][INFO][func:evaluate]: batch
[2023-07-13 23:23:14,550][INFO][func:evaluate]: batch
[2023-07-13 23:23:14,992][INFO][func:evaluate]: batch
[2023-07-13 23:23:15,436][INFO][func:evaluate]: batch
[2023-07-13 23:23:15,880][INFO][func:evaluate]: batch
[2023-07-13 23:23:16,324][INFO][func:evaluate]: batch
[2023-07-13 23:23:16,768][INFO][func:evaluate]: batch
[2023-07-13 23:23:17,211][INFO][func:evaluate]: batch
[2023-07-13 23:23:17,655][INFO][func:evaluate]: batch
[2023-07-13 23:23:18,099][INFO][func:evaluate]: batch
[2023-07-13 23:23:18,542][INFO][func:evaluate]: batch
[2023-07-13 23:23:18,985][INFO][func:evaluate]: batch
[2023-07-13 23:23:19,428][INFO][func:evaluate]: batch
[2023-07-13 23:23:19,871][INFO][func:evaluate]: batch
[2023-07-13 23:23:20,313][INFO][func:evaluate]: batch
[2023-07-13 23:23:20,757][INFO][func:evaluate]: batch
[2023-07-13 23:23:21,201][INFO][func:evaluate]: batch
[2023-07-13 23:23:21,645][INFO][func:evaluate]: batch
[2023-07-13 23:23:22,087][INFO][func:evaluate]: batch
[2023-07-13 23:23:22,530][INFO][func:evaluate]: batch
[2023-07-13 23:23:22,973][INFO][func:evaluate]: batch
[2023-07-13 23:23:23,416][INFO][func:evaluate]: batch
[2023-07-13 23:23:23,860][INFO][func:evaluate]: batch
[2023-07-13 23:23:24,304][INFO][func:evaluate]: batch
[2023-07-13 23:23:24,747][INFO][func:evaluate]: batch
[2023-07-13 23:23:25,190][INFO][func:evaluate]: batch
[2023-07-13 23:23:25,634][INFO][func:evaluate]: batch
[2023-07-13 23:23:26,077][INFO][func:evaluate]: batch
[2023-07-13 23:23:26,521][INFO][func:evaluate]: batch
[2023-07-13 23:23:26,965][INFO][func:evaluate]: batch
[2023-07-13 23:23:27,408][INFO][func:evaluate]: batch
[2023-07-13 23:23:27,851][INFO][func:evaluate]: batch
[2023-07-13 23:23:28,295][INFO][func:evaluate]: batch
[2023-07-13 23:23:28,739][INFO][func:evaluate]: batch
[2023-07-13 23:23:29,183][INFO][func:evaluate]: batch
[2023-07-13 23:23:29,626][INFO][func:evaluate]: batch
[2023-07-13 23:23:30,069][INFO][func:evaluate]: batch
[2023-07-13 23:23:30,512][INFO][func:evaluate]: batch
[2023-07-13 23:23:30,957][INFO][func:evaluate]: batch
[2023-07-13 23:23:31,400][INFO][func:evaluate]: batch
[2023-07-13 23:23:31,844][INFO][func:evaluate]: batch
[2023-07-13 23:23:32,288][INFO][func:evaluate]: batch
[2023-07-13 23:23:32,731][INFO][func:evaluate]: batch
[2023-07-13 23:23:33,175][INFO][func:evaluate]: batch
[2023-07-13 23:23:33,619][INFO][func:evaluate]: batch
[2023-07-13 23:23:34,062][INFO][func:evaluate]: batch
[2023-07-13 23:23:34,506][INFO][func:evaluate]: batch
[2023-07-13 23:23:34,949][INFO][func:evaluate]: batch
[2023-07-13 23:23:35,393][INFO][func:evaluate]: batch
[2023-07-13 23:23:35,837][INFO][func:evaluate]: batch
[2023-07-13 23:23:36,281][INFO][func:evaluate]: batch
[2023-07-13 23:23:36,723][INFO][func:evaluate]: batch
[2023-07-13 23:23:37,166][INFO][func:evaluate]: batch
[2023-07-13 23:23:37,608][INFO][func:evaluate]: batch
[2023-07-13 23:23:38,052][INFO][func:evaluate]: batch
[2023-07-13 23:23:38,496][INFO][func:evaluate]: batch
[2023-07-13 23:23:38,940][INFO][func:evaluate]: batch
[2023-07-13 23:23:39,383][INFO][func:evaluate]: batch
[2023-07-13 23:23:39,826][INFO][func:evaluate]: batch
[2023-07-13 23:23:40,269][INFO][func:evaluate]: batch
[2023-07-13 23:23:40,712][INFO][func:evaluate]: batch
[2023-07-13 23:23:41,156][INFO][func:evaluate]: batch
[2023-07-13 23:23:41,600][INFO][func:evaluate]: batch
[2023-07-13 23:23:42,043][INFO][func:evaluate]: batch
[2023-07-13 23:23:42,487][INFO][func:evaluate]: batch
[2023-07-13 23:23:42,931][INFO][func:evaluate]: batch
[2023-07-13 23:23:43,374][INFO][func:evaluate]: batch
[2023-07-13 23:23:43,818][INFO][func:evaluate]: batch
[2023-07-13 23:23:44,262][INFO][func:evaluate]: batch
[2023-07-13 23:23:44,706][INFO][func:evaluate]: batch
[2023-07-13 23:23:45,149][INFO][func:evaluate]: batch
[2023-07-13 23:23:45,593][INFO][func:evaluate]: batch
[2023-07-13 23:23:46,037][INFO][func:evaluate]: batch
[2023-07-13 23:23:46,480][INFO][func:evaluate]: batch
[2023-07-13 23:23:46,923][INFO][func:evaluate]: batch
[2023-07-13 23:23:47,366][INFO][func:evaluate]: batch
[2023-07-13 23:23:47,810][INFO][func:evaluate]: batch
[2023-07-13 23:23:48,253][INFO][func:evaluate]: batch
[2023-07-13 23:23:48,696][INFO][func:evaluate]: batch
[2023-07-13 23:23:49,140][INFO][func:evaluate]: batch
[2023-07-13 23:23:49,584][INFO][func:evaluate]: batch
[2023-07-13 23:23:50,029][INFO][func:evaluate]: batch
[2023-07-13 23:23:50,472][INFO][func:evaluate]: batch
[2023-07-13 23:23:50,916][INFO][func:evaluate]: batch
[2023-07-13 23:23:51,359][INFO][func:evaluate]: batch
[2023-07-13 23:23:51,802][INFO][func:evaluate]: batch
[2023-07-13 23:23:52,245][INFO][func:evaluate]: batch
[2023-07-13 23:23:52,688][INFO][func:evaluate]: batch
[2023-07-13 23:23:53,133][INFO][func:evaluate]: batch
[2023-07-13 23:23:53,576][INFO][func:evaluate]: batch
[2023-07-13 23:23:54,019][INFO][func:evaluate]: batch
[2023-07-13 23:23:54,463][INFO][func:evaluate]: batch
[2023-07-13 23:23:54,906][INFO][func:evaluate]: batch
[2023-07-13 23:23:55,350][INFO][func:evaluate]: batch
[2023-07-13 23:23:55,794][INFO][func:evaluate]: batch
[2023-07-13 23:23:56,238][INFO][func:evaluate]: batch
[2023-07-13 23:23:56,680][INFO][func:evaluate]: batch
[2023-07-13 23:23:57,124][INFO][func:evaluate]: batch
[2023-07-13 23:23:57,568][INFO][func:evaluate]: batch
[2023-07-13 23:23:58,013][INFO][func:evaluate]: batch
[2023-07-13 23:23:58,456][INFO][func:evaluate]: batch
[2023-07-13 23:23:58,899][INFO][func:evaluate]: batch
[2023-07-13 23:23:59,343][INFO][func:evaluate]: batch
[2023-07-13 23:23:59,787][INFO][func:evaluate]: batch
[2023-07-13 23:24:00,231][INFO][func:evaluate]: batch
[2023-07-13 23:24:00,674][INFO][func:evaluate]: batch
[2023-07-13 23:24:01,118][INFO][func:evaluate]: batch
[2023-07-13 23:24:01,561][INFO][func:evaluate]: batch
[2023-07-13 23:24:02,005][INFO][func:evaluate]: batch
[2023-07-13 23:24:02,449][INFO][func:evaluate]: batch
[2023-07-13 23:24:02,894][INFO][func:evaluate]: batch
[2023-07-13 23:24:03,337][INFO][func:evaluate]: batch
[2023-07-13 23:24:03,781][INFO][func:evaluate]: batch
[2023-07-13 23:24:04,225][INFO][func:evaluate]: batch
[2023-07-13 23:24:04,669][INFO][func:evaluate]: batch
[2023-07-13 23:24:05,112][INFO][func:evaluate]: batch
[2023-07-13 23:24:05,556][INFO][func:evaluate]: batch
[2023-07-13 23:24:06,000][INFO][func:evaluate]: batch
[2023-07-13 23:24:06,444][INFO][func:evaluate]: batch
[2023-07-13 23:24:06,888][INFO][func:evaluate]: batch
[2023-07-13 23:24:07,331][INFO][func:evaluate]: batch
[2023-07-13 23:24:07,774][INFO][func:evaluate]: batch
[2023-07-13 23:24:08,219][INFO][func:evaluate]: batch
[2023-07-13 23:24:08,663][INFO][func:evaluate]: batch
[2023-07-13 23:24:09,106][INFO][func:evaluate]: batch
[2023-07-13 23:24:09,550][INFO][func:evaluate]: batch
[2023-07-13 23:24:09,993][INFO][func:evaluate]: batch
[2023-07-13 23:24:10,437][INFO][func:evaluate]: batch
[2023-07-13 23:24:10,881][INFO][func:evaluate]: batch
[2023-07-13 23:24:11,325][INFO][func:evaluate]: batch
[2023-07-13 23:24:11,769][INFO][func:evaluate]: batch
[2023-07-13 23:24:12,212][INFO][func:evaluate]: batch
[2023-07-13 23:24:12,656][INFO][func:evaluate]: batch
[2023-07-13 23:24:13,101][INFO][func:evaluate]: batch
[2023-07-13 23:24:13,545][INFO][func:evaluate]: batch
[2023-07-13 23:24:13,989][INFO][func:evaluate]: batch
[2023-07-13 23:24:14,433][INFO][func:evaluate]: batch
[2023-07-13 23:24:14,877][INFO][func:evaluate]: batch
[2023-07-13 23:24:15,320][INFO][func:evaluate]: batch
[2023-07-13 23:24:15,764][INFO][func:evaluate]: batch
[2023-07-13 23:24:16,209][INFO][func:evaluate]: batch
[2023-07-13 23:24:16,652][INFO][func:evaluate]: batch
[2023-07-13 23:24:17,096][INFO][func:evaluate]: batch
[2023-07-13 23:24:17,540][INFO][func:evaluate]: batch
[2023-07-13 23:24:17,983][INFO][func:evaluate]: batch
[2023-07-13 23:24:18,428][INFO][func:evaluate]: batch
[2023-07-13 23:24:18,871][INFO][func:evaluate]: batch
[2023-07-13 23:24:19,315][INFO][func:evaluate]: batch
[2023-07-13 23:24:19,760][INFO][func:evaluate]: batch
[2023-07-13 23:24:20,203][INFO][func:evaluate]: batch
[2023-07-13 23:24:20,647][INFO][func:evaluate]: batch
[2023-07-13 23:24:21,091][INFO][func:evaluate]: batch
[2023-07-13 23:24:21,536][INFO][func:evaluate]: batch
[2023-07-13 23:24:21,980][INFO][func:evaluate]: batch
[2023-07-13 23:24:22,425][INFO][func:evaluate]: batch
[2023-07-13 23:24:22,868][INFO][func:evaluate]: batch
[2023-07-13 23:24:23,311][INFO][func:evaluate]: batch
[2023-07-13 23:24:23,755][INFO][func:evaluate]: batch
[2023-07-13 23:24:24,199][INFO][func:evaluate]: batch
[2023-07-13 23:24:24,643][INFO][func:evaluate]: batch
[2023-07-13 23:24:25,088][INFO][func:evaluate]: batch
[2023-07-13 23:24:25,532][INFO][func:evaluate]: batch
[2023-07-13 23:24:25,975][INFO][func:evaluate]: batch
[2023-07-13 23:24:26,420][INFO][func:evaluate]: batch
[2023-07-13 23:24:26,864][INFO][func:evaluate]: batch
[2023-07-13 23:24:27,307][INFO][func:evaluate]: batch
[2023-07-13 23:24:27,751][INFO][func:evaluate]: batch
[2023-07-13 23:24:28,194][INFO][func:evaluate]: batch
[2023-07-13 23:24:28,638][INFO][func:evaluate]: batch
[2023-07-13 23:24:29,084][INFO][func:evaluate]: batch
[2023-07-13 23:24:29,529][INFO][func:evaluate]: batch
[2023-07-13 23:24:29,972][INFO][func:evaluate]: batch
[2023-07-13 23:24:30,418][INFO][func:evaluate]: batch
[2023-07-13 23:24:30,861][INFO][func:evaluate]: batch
[2023-07-13 23:24:31,305][INFO][func:evaluate]: batch
[2023-07-13 23:24:31,750][INFO][func:evaluate]: batch
[2023-07-13 23:24:32,194][INFO][func:evaluate]: batch
[2023-07-13 23:24:32,638][INFO][func:evaluate]: batch
[2023-07-13 23:24:33,083][INFO][func:evaluate]: batch
[2023-07-13 23:24:33,527][INFO][func:evaluate]: batch
[2023-07-13 23:24:33,970][INFO][func:evaluate]: batch
[2023-07-13 23:24:34,414][INFO][func:evaluate]: batch
[2023-07-13 23:24:34,858][INFO][func:evaluate]: batch
[2023-07-13 23:24:35,303][INFO][func:evaluate]: batch
[2023-07-13 23:24:35,746][INFO][func:evaluate]: batch
[2023-07-13 23:24:36,190][INFO][func:evaluate]: batch
[2023-07-13 23:24:36,633][INFO][func:evaluate]: batch
[2023-07-13 23:24:37,078][INFO][func:evaluate]: batch
[2023-07-13 23:24:37,522][INFO][func:evaluate]: batch
[2023-07-13 23:24:37,966][INFO][func:evaluate]: batch
[2023-07-13 23:24:38,411][INFO][func:evaluate]: batch
[2023-07-13 23:24:38,855][INFO][func:evaluate]: batch
[2023-07-13 23:24:39,300][INFO][func:evaluate]: batch
[2023-07-13 23:24:39,743][INFO][func:evaluate]: batch
[2023-07-13 23:24:40,186][INFO][func:evaluate]: batch
[2023-07-13 23:24:40,630][INFO][func:evaluate]: batch
[2023-07-13 23:24:41,074][INFO][func:evaluate]: batch
[2023-07-13 23:24:41,517][INFO][func:evaluate]: batch
[2023-07-13 23:24:41,961][INFO][func:evaluate]: batch
[2023-07-13 23:24:42,405][INFO][func:evaluate]: batch
[2023-07-13 23:24:42,848][INFO][func:evaluate]: batch
[2023-07-13 23:24:43,293][INFO][func:evaluate]: batch
[2023-07-13 23:24:43,738][INFO][func:evaluate]: batch
[2023-07-13 23:24:44,182][INFO][func:evaluate]: batch
[2023-07-13 23:24:44,628][INFO][func:evaluate]: batch
[2023-07-13 23:24:45,072][INFO][func:evaluate]: batch
[2023-07-13 23:24:45,517][INFO][func:evaluate]: batch
[2023-07-13 23:24:45,961][INFO][func:evaluate]: batch
[2023-07-13 23:24:46,403][INFO][func:evaluate]: batch
[2023-07-13 23:24:46,847][INFO][func:evaluate]: batch
[2023-07-13 23:24:47,292][INFO][func:evaluate]: batch
[2023-07-13 23:24:47,736][INFO][func:evaluate]: batch
[2023-07-13 23:24:48,179][INFO][func:evaluate]: batch
[2023-07-13 23:24:48,623][INFO][func:evaluate]: batch
[2023-07-13 23:24:49,067][INFO][func:evaluate]: batch
[2023-07-13 23:24:49,510][INFO][func:evaluate]: batch
[2023-07-13 23:24:49,955][INFO][func:evaluate]: batch
[2023-07-13 23:24:50,399][INFO][func:evaluate]: batch
[2023-07-13 23:24:50,843][INFO][func:evaluate]: batch
[2023-07-13 23:24:51,287][INFO][func:evaluate]: batch
[2023-07-13 23:24:51,731][INFO][func:evaluate]: batch
[2023-07-13 23:24:52,174][INFO][func:evaluate]: batch
[2023-07-13 23:24:52,618][INFO][func:evaluate]: batch
[2023-07-13 23:24:53,062][INFO][func:evaluate]: batch
[2023-07-13 23:24:53,505][INFO][func:evaluate]: batch
[2023-07-13 23:24:53,950][INFO][func:evaluate]: batch
[2023-07-13 23:24:54,394][INFO][func:evaluate]: batch
[2023-07-13 23:24:54,838][INFO][func:evaluate]: batch
[2023-07-13 23:24:55,281][INFO][func:evaluate]: batch
[2023-07-13 23:24:55,725][INFO][func:evaluate]: batch
[2023-07-13 23:24:56,169][INFO][func:evaluate]: batch
[2023-07-13 23:24:56,613][INFO][func:evaluate]: batch
[2023-07-13 23:24:57,057][INFO][func:evaluate]: batch
[2023-07-13 23:24:57,501][INFO][func:evaluate]: batch
[2023-07-13 23:24:57,945][INFO][func:evaluate]: batch
[2023-07-13 23:24:58,390][INFO][func:evaluate]: batch
[2023-07-13 23:24:58,834][INFO][func:evaluate]: batch
[2023-07-13 23:24:59,278][INFO][func:evaluate]: batch
[2023-07-13 23:24:59,722][INFO][func:evaluate]: batch
[2023-07-13 23:25:00,167][INFO][func:evaluate]: batch
[2023-07-13 23:25:00,611][INFO][func:evaluate]: batch
[2023-07-13 23:25:01,056][INFO][func:evaluate]: batch
[2023-07-13 23:25:01,499][INFO][func:evaluate]: batch
[2023-07-13 23:25:01,944][INFO][func:evaluate]: batch
[2023-07-13 23:25:02,387][INFO][func:evaluate]: batch
[2023-07-13 23:25:02,831][INFO][func:evaluate]: batch
[2023-07-13 23:25:03,276][INFO][func:evaluate]: batch
[2023-07-13 23:25:03,721][INFO][func:evaluate]: batch
[2023-07-13 23:25:04,166][INFO][func:evaluate]: batch
[2023-07-13 23:25:04,610][INFO][func:evaluate]: batch
[2023-07-13 23:25:05,054][INFO][func:evaluate]: batch
[2023-07-13 23:25:05,498][INFO][func:evaluate]: batch
[2023-07-13 23:25:05,942][INFO][func:evaluate]: batch
[2023-07-13 23:25:06,388][INFO][func:evaluate]: batch
[2023-07-13 23:25:06,831][INFO][func:evaluate]: batch
[2023-07-13 23:25:07,276][INFO][func:evaluate]: batch
[2023-07-13 23:25:07,720][INFO][func:evaluate]: batch
[2023-07-13 23:25:08,164][INFO][func:evaluate]: batch
[2023-07-13 23:25:08,609][INFO][func:evaluate]: batch
[2023-07-13 23:25:09,053][INFO][func:evaluate]: batch
[2023-07-13 23:25:09,496][INFO][func:evaluate]: batch
[2023-07-13 23:25:09,942][INFO][func:evaluate]: batch
[2023-07-13 23:25:10,385][INFO][func:evaluate]: batch
[2023-07-13 23:25:10,829][INFO][func:evaluate]: batch
[2023-07-13 23:25:11,273][INFO][func:evaluate]: batch
[2023-07-13 23:25:11,717][INFO][func:evaluate]: batch
[2023-07-13 23:25:12,161][INFO][func:evaluate]: batch
[2023-07-13 23:25:12,606][INFO][func:evaluate]: batch
[2023-07-13 23:25:13,051][INFO][func:evaluate]: batch
[2023-07-13 23:25:13,494][INFO][func:evaluate]: batch
[2023-07-13 23:25:13,938][INFO][func:evaluate]: batch
[2023-07-13 23:25:14,382][INFO][func:evaluate]: batch
[2023-07-13 23:25:14,826][INFO][func:evaluate]: batch
[2023-07-13 23:25:15,271][INFO][func:evaluate]: batch
[2023-07-13 23:25:15,715][INFO][func:evaluate]: batch
[2023-07-13 23:25:16,159][INFO][func:evaluate]: batch
[2023-07-13 23:25:16,603][INFO][func:evaluate]: batch
[2023-07-13 23:25:17,048][INFO][func:evaluate]: batch
[2023-07-13 23:25:17,490][INFO][func:evaluate]: batch
[2023-07-13 23:25:17,934][INFO][func:evaluate]: batch
[2023-07-13 23:25:18,378][INFO][func:evaluate]: batch
[2023-07-13 23:25:18,821][INFO][func:evaluate]: batch
[2023-07-13 23:25:19,266][INFO][func:evaluate]: batch
[2023-07-13 23:25:19,710][INFO][func:evaluate]: batch
[2023-07-13 23:25:20,156][INFO][func:evaluate]: batch
[2023-07-13 23:25:20,599][INFO][func:evaluate]: batch
[2023-07-13 23:25:21,042][INFO][func:evaluate]: batch
[2023-07-13 23:25:21,487][INFO][func:evaluate]: batch
[2023-07-13 23:25:21,930][INFO][func:evaluate]: batch
[2023-07-13 23:25:22,374][INFO][func:evaluate]: batch
[2023-07-13 23:25:22,818][INFO][func:evaluate]: batch
[2023-07-13 23:25:23,263][INFO][func:evaluate]: batch
[2023-07-13 23:25:23,707][INFO][func:evaluate]: batch
[2023-07-13 23:25:24,150][INFO][func:evaluate]: batch
[2023-07-13 23:25:24,595][INFO][func:evaluate]: batch
[2023-07-13 23:25:25,038][INFO][func:evaluate]: batch
[2023-07-13 23:25:25,482][INFO][func:evaluate]: batch
[2023-07-13 23:25:25,926][INFO][func:evaluate]: batch
[2023-07-13 23:25:26,370][INFO][func:evaluate]: batch
[2023-07-13 23:25:26,814][INFO][func:evaluate]: batch
[2023-07-13 23:25:27,258][INFO][func:evaluate]: batch
[2023-07-13 23:25:27,702][INFO][func:evaluate]: batch
[2023-07-13 23:25:28,147][INFO][func:evaluate]: batch
[2023-07-13 23:25:28,590][INFO][func:evaluate]: batch
[2023-07-13 23:25:29,034][INFO][func:evaluate]: batch
[2023-07-13 23:25:29,479][INFO][func:evaluate]: batch
[2023-07-13 23:25:29,922][INFO][func:evaluate]: batch
[2023-07-13 23:25:30,366][INFO][func:evaluate]: batch
[2023-07-13 23:25:30,811][INFO][func:evaluate]: batch
[2023-07-13 23:25:31,256][INFO][func:evaluate]: batch
[2023-07-13 23:25:31,700][INFO][func:evaluate]: batch
[2023-07-13 23:25:32,144][INFO][func:evaluate]: batch
[2023-07-13 23:25:32,589][INFO][func:evaluate]: batch
[2023-07-13 23:25:33,032][INFO][func:evaluate]: batch
[2023-07-13 23:25:33,477][INFO][func:evaluate]: batch
[2023-07-13 23:25:33,922][INFO][func:evaluate]: batch
[2023-07-13 23:25:34,366][INFO][func:evaluate]: batch
[2023-07-13 23:25:34,809][INFO][func:evaluate]: batch
[2023-07-13 23:25:35,254][INFO][func:evaluate]: batch
[2023-07-13 23:25:35,697][INFO][func:evaluate]: batch
[2023-07-13 23:25:36,142][INFO][func:evaluate]: batch
[2023-07-13 23:25:36,586][INFO][func:evaluate]: batch
[2023-07-13 23:25:37,030][INFO][func:evaluate]: batch
[2023-07-13 23:25:37,474][INFO][func:evaluate]: batch
[2023-07-13 23:25:37,919][INFO][func:evaluate]: batch
[2023-07-13 23:25:38,362][INFO][func:evaluate]: batch
[2023-07-13 23:25:38,807][INFO][func:evaluate]: batch
[2023-07-13 23:25:39,251][INFO][func:evaluate]: batch
[2023-07-13 23:25:39,695][INFO][func:evaluate]: batch
[2023-07-13 23:25:40,140][INFO][func:evaluate]: batch
[2023-07-13 23:25:40,584][INFO][func:evaluate]: batch
[2023-07-13 23:25:41,028][INFO][func:evaluate]: batch
[2023-07-13 23:25:41,473][INFO][func:evaluate]: batch
[2023-07-13 23:25:41,917][INFO][func:evaluate]: batch
[2023-07-13 23:25:42,360][INFO][func:evaluate]: batch
[2023-07-13 23:25:42,804][INFO][func:evaluate]: batch
[2023-07-13 23:25:43,249][INFO][func:evaluate]: batch
[2023-07-13 23:25:43,692][INFO][func:evaluate]: batch
[2023-07-13 23:25:44,138][INFO][func:evaluate]: batch
[2023-07-13 23:25:44,581][INFO][func:evaluate]: batch
[2023-07-13 23:25:45,026][INFO][func:evaluate]: batch
[2023-07-13 23:25:45,470][INFO][func:evaluate]: batch
[2023-07-13 23:25:45,915][INFO][func:evaluate]: batch
[2023-07-13 23:25:46,359][INFO][func:evaluate]: batch
[2023-07-13 23:25:46,803][INFO][func:evaluate]: batch
[2023-07-13 23:25:47,246][INFO][func:evaluate]: batch
[2023-07-13 23:25:47,691][INFO][func:evaluate]: batch
[2023-07-13 23:25:48,136][INFO][func:evaluate]: batch
[2023-07-13 23:25:48,582][INFO][func:evaluate]: batch
[2023-07-13 23:25:49,025][INFO][func:evaluate]: batch
[2023-07-13 23:25:49,469][INFO][func:evaluate]: batch
[2023-07-13 23:25:49,913][INFO][func:evaluate]: batch
[2023-07-13 23:25:50,357][INFO][func:evaluate]: batch
[2023-07-13 23:25:50,802][INFO][func:evaluate]: batch
[2023-07-13 23:25:51,246][INFO][func:evaluate]: batch
[2023-07-13 23:25:51,690][INFO][func:evaluate]: batch
[2023-07-13 23:25:52,135][INFO][func:evaluate]: batch
[2023-07-13 23:25:52,579][INFO][func:evaluate]: batch
[2023-07-13 23:25:53,023][INFO][func:evaluate]: batch
[2023-07-13 23:25:53,467][INFO][func:evaluate]: batch
[2023-07-13 23:25:53,913][INFO][func:evaluate]: batch
[2023-07-13 23:25:54,357][INFO][func:evaluate]: batch
[2023-07-13 23:25:54,801][INFO][func:evaluate]: batch
[2023-07-13 23:25:55,245][INFO][func:evaluate]: batch
[2023-07-13 23:25:55,690][INFO][func:evaluate]: batch
[2023-07-13 23:25:56,135][INFO][func:evaluate]: batch
[2023-07-13 23:25:56,577][INFO][func:evaluate]: batch
[2023-07-13 23:25:57,022][INFO][func:evaluate]: batch
[2023-07-13 23:25:57,466][INFO][func:evaluate]: batch
[2023-07-13 23:25:57,910][INFO][func:evaluate]: batch
[2023-07-13 23:25:58,355][INFO][func:evaluate]: batch
[2023-07-13 23:25:58,800][INFO][func:evaluate]: batch
[2023-07-13 23:25:59,242][INFO][func:evaluate]: batch
[2023-07-13 23:25:59,687][INFO][func:evaluate]: batch
[2023-07-13 23:26:00,131][INFO][func:evaluate]: batch
[2023-07-13 23:26:00,575][INFO][func:evaluate]: batch
[2023-07-13 23:26:01,019][INFO][func:evaluate]: batch
[2023-07-13 23:26:01,463][INFO][func:evaluate]: batch
[2023-07-13 23:26:01,907][INFO][func:evaluate]: batch
[2023-07-13 23:26:02,352][INFO][func:evaluate]: batch
[2023-07-13 23:26:02,796][INFO][func:evaluate]: batch
[2023-07-13 23:26:03,240][INFO][func:evaluate]: batch
[2023-07-13 23:26:03,683][INFO][func:evaluate]: batch
[2023-07-13 23:26:04,128][INFO][func:evaluate]: batch
[2023-07-13 23:26:04,572][INFO][func:evaluate]: batch
[2023-07-13 23:26:05,018][INFO][func:evaluate]: batch
[2023-07-13 23:26:05,461][INFO][func:evaluate]: batch
[2023-07-13 23:26:05,905][INFO][func:evaluate]: batch
[2023-07-13 23:26:06,349][INFO][func:evaluate]: batch
[2023-07-13 23:26:06,794][INFO][func:evaluate]: batch
[2023-07-13 23:26:07,238][INFO][func:evaluate]: batch
[2023-07-13 23:26:07,682][INFO][func:evaluate]: batch
[2023-07-13 23:26:08,127][INFO][func:evaluate]: batch
[2023-07-13 23:26:08,571][INFO][func:evaluate]: batch
[2023-07-13 23:26:09,015][INFO][func:evaluate]: batch
[2023-07-13 23:26:09,460][INFO][func:evaluate]: batch
[2023-07-13 23:26:09,905][INFO][func:evaluate]: batch
[2023-07-13 23:26:10,349][INFO][func:evaluate]: batch
[2023-07-13 23:26:10,794][INFO][func:evaluate]: batch
[2023-07-13 23:26:11,238][INFO][func:evaluate]: batch
[2023-07-13 23:26:11,683][INFO][func:evaluate]: batch
[2023-07-13 23:26:12,128][INFO][func:evaluate]: batch
[2023-07-13 23:26:12,572][INFO][func:evaluate]: batch
[2023-07-13 23:26:13,016][INFO][func:evaluate]: batch
[2023-07-13 23:26:13,460][INFO][func:evaluate]: batch
[2023-07-13 23:26:13,904][INFO][func:evaluate]: batch
[2023-07-13 23:26:14,349][INFO][func:evaluate]: batch
[2023-07-13 23:26:14,794][INFO][func:evaluate]: batch
[2023-07-13 23:26:15,237][INFO][func:evaluate]: batch
[2023-07-13 23:26:15,682][INFO][func:evaluate]: batch
[2023-07-13 23:26:16,126][INFO][func:evaluate]: batch
[2023-07-13 23:26:16,571][INFO][func:evaluate]: batch
[2023-07-13 23:26:17,016][INFO][func:evaluate]: batch
[2023-07-13 23:26:17,461][INFO][func:evaluate]: batch
[2023-07-13 23:26:17,906][INFO][func:evaluate]: batch
[2023-07-13 23:26:18,351][INFO][func:evaluate]: batch
[2023-07-13 23:26:18,795][INFO][func:evaluate]: batch
[2023-07-13 23:26:19,239][INFO][func:evaluate]: batch
[2023-07-13 23:26:19,684][INFO][func:evaluate]: batch
[2023-07-13 23:26:20,130][INFO][func:evaluate]: batch
[2023-07-13 23:26:20,574][INFO][func:evaluate]: batch
[2023-07-13 23:26:21,018][INFO][func:evaluate]: batch
[2023-07-13 23:26:21,462][INFO][func:evaluate]: batch
[2023-07-13 23:26:21,906][INFO][func:evaluate]: batch
[2023-07-13 23:26:22,351][INFO][func:evaluate]: batch
[2023-07-13 23:26:22,795][INFO][func:evaluate]: batch
[2023-07-13 23:26:23,238][INFO][func:evaluate]: batch
[2023-07-13 23:26:23,683][INFO][func:evaluate]: batch
[2023-07-13 23:26:24,127][INFO][func:evaluate]: batch
[2023-07-13 23:26:24,571][INFO][func:evaluate]: batch
[2023-07-13 23:26:25,015][INFO][func:evaluate]: batch
[2023-07-13 23:26:25,458][INFO][func:evaluate]: batch
[2023-07-13 23:26:25,903][INFO][func:evaluate]: batch
[2023-07-13 23:26:26,348][INFO][func:evaluate]: batch
[2023-07-13 23:26:26,791][INFO][func:evaluate]: batch
[2023-07-13 23:26:27,234][INFO][func:evaluate]: batch
[2023-07-13 23:26:27,679][INFO][func:evaluate]: batch
[2023-07-13 23:26:28,124][INFO][func:evaluate]: batch
[2023-07-13 23:26:28,568][INFO][func:evaluate]: batch
[2023-07-13 23:26:29,011][INFO][func:evaluate]: batch
[2023-07-13 23:26:29,456][INFO][func:evaluate]: batch
[2023-07-13 23:26:29,901][INFO][func:evaluate]: batch
[2023-07-13 23:26:30,345][INFO][func:evaluate]: batch
[2023-07-13 23:26:30,789][INFO][func:evaluate]: batch
[2023-07-13 23:26:31,234][INFO][func:evaluate]: batch
[2023-07-13 23:26:31,679][INFO][func:evaluate]: batch
[2023-07-13 23:26:32,124][INFO][func:evaluate]: batch
[2023-07-13 23:26:32,568][INFO][func:evaluate]: batch
[2023-07-13 23:26:33,012][INFO][func:evaluate]: batch
[2023-07-13 23:26:33,456][INFO][func:evaluate]: batch
[2023-07-13 23:26:33,902][INFO][func:evaluate]: batch
[2023-07-13 23:26:34,346][INFO][func:evaluate]: batch
[2023-07-13 23:26:34,790][INFO][func:evaluate]: batch
[2023-07-13 23:26:35,235][INFO][func:evaluate]: batch
[2023-07-13 23:26:35,679][INFO][func:evaluate]: batch
[2023-07-13 23:26:36,124][INFO][func:evaluate]: batch
[2023-07-13 23:26:36,568][INFO][func:evaluate]: batch
[2023-07-13 23:26:37,011][INFO][func:evaluate]: batch
[2023-07-13 23:26:37,455][INFO][func:evaluate]: batch
[2023-07-13 23:26:37,900][INFO][func:evaluate]: batch
[2023-07-13 23:26:38,344][INFO][func:evaluate]: batch
[2023-07-13 23:26:38,788][INFO][func:evaluate]: batch
[2023-07-13 23:26:39,232][INFO][func:evaluate]: batch
[2023-07-13 23:26:39,677][INFO][func:evaluate]: batch
[2023-07-13 23:26:40,121][INFO][func:evaluate]: batch
[2023-07-13 23:26:40,567][INFO][func:evaluate]: batch
[2023-07-13 23:26:41,013][INFO][func:evaluate]: batch
[2023-07-13 23:26:41,457][INFO][func:evaluate]: batch
[2023-07-13 23:26:41,902][INFO][func:evaluate]: batch
[2023-07-13 23:26:42,346][INFO][func:evaluate]: batch
[2023-07-13 23:26:42,790][INFO][func:evaluate]: batch
[2023-07-13 23:26:43,234][INFO][func:evaluate]: batch
[2023-07-13 23:26:43,679][INFO][func:evaluate]: batch
[2023-07-13 23:26:44,124][INFO][func:evaluate]: batch
[2023-07-13 23:26:44,568][INFO][func:evaluate]: batch
[2023-07-13 23:26:45,012][INFO][func:evaluate]: batch
[2023-07-13 23:26:45,457][INFO][func:evaluate]: batch
[2023-07-13 23:26:45,901][INFO][func:evaluate]: batch
[2023-07-13 23:26:46,345][INFO][func:evaluate]: batch
[2023-07-13 23:26:46,790][INFO][func:evaluate]: batch
[2023-07-13 23:26:47,234][INFO][func:evaluate]: batch
[2023-07-13 23:26:47,678][INFO][func:evaluate]: batch
[2023-07-13 23:26:48,122][INFO][func:evaluate]: batch
[2023-07-13 23:26:48,566][INFO][func:evaluate]: batch
[2023-07-13 23:26:49,011][INFO][func:evaluate]: batch
[2023-07-13 23:26:49,456][INFO][func:evaluate]: batch
[2023-07-13 23:26:49,900][INFO][func:evaluate]: batch
[2023-07-13 23:26:50,345][INFO][func:evaluate]: batch
[2023-07-13 23:26:50,789][INFO][func:evaluate]: batch
[2023-07-13 23:26:51,233][INFO][func:evaluate]: batch
[2023-07-13 23:26:51,677][INFO][func:evaluate]: batch
[2023-07-13 23:26:52,122][INFO][func:evaluate]: batch
[2023-07-13 23:26:52,567][INFO][func:evaluate]: batch
[2023-07-13 23:26:53,010][INFO][func:evaluate]: batch
[2023-07-13 23:26:53,454][INFO][func:evaluate]: batch
[2023-07-13 23:26:53,900][INFO][func:evaluate]: batch
[2023-07-13 23:26:54,344][INFO][func:evaluate]: batch
[2023-07-13 23:26:54,790][INFO][func:evaluate]: batch
[2023-07-13 23:26:55,234][INFO][func:evaluate]: batch
[2023-07-13 23:26:55,678][INFO][func:evaluate]: batch
[2023-07-13 23:26:56,122][INFO][func:evaluate]: batch
[2023-07-13 23:26:56,566][INFO][func:evaluate]: batch
[2023-07-13 23:26:57,011][INFO][func:evaluate]: batch
[2023-07-13 23:26:57,456][INFO][func:evaluate]: batch
[2023-07-13 23:26:57,900][INFO][func:evaluate]: batch
[2023-07-13 23:26:58,345][INFO][func:evaluate]: batch
[2023-07-13 23:26:58,789][INFO][func:evaluate]: batch
[2023-07-13 23:26:59,234][INFO][func:evaluate]: batch
[2023-07-13 23:26:59,679][INFO][func:evaluate]: batch
[2023-07-13 23:27:00,125][INFO][func:evaluate]: batch
[2023-07-13 23:27:00,569][INFO][func:evaluate]: batch
[2023-07-13 23:27:01,013][INFO][func:evaluate]: batch
[2023-07-13 23:27:01,458][INFO][func:evaluate]: batch
[2023-07-13 23:27:01,902][INFO][func:evaluate]: batch
[2023-07-13 23:27:02,346][INFO][func:evaluate]: batch
[2023-07-13 23:27:02,791][INFO][func:evaluate]: batch
[2023-07-13 23:27:03,236][INFO][func:evaluate]: batch
[2023-07-13 23:27:03,680][INFO][func:evaluate]: batch
[2023-07-13 23:27:04,125][INFO][func:evaluate]: batch
[2023-07-13 23:27:04,570][INFO][func:evaluate]: batch
[2023-07-13 23:27:05,014][INFO][func:evaluate]: batch
[2023-07-13 23:27:05,458][INFO][func:evaluate]: batch
[2023-07-13 23:27:05,901][INFO][func:evaluate]: batch
[2023-07-13 23:27:06,346][INFO][func:evaluate]: batch
[2023-07-13 23:27:06,790][INFO][func:evaluate]: batch
[2023-07-13 23:27:07,236][INFO][func:evaluate]: batch
[2023-07-13 23:27:07,681][INFO][func:evaluate]: batch
[2023-07-13 23:27:08,125][INFO][func:evaluate]: batch
[2023-07-13 23:27:08,569][INFO][func:evaluate]: batch
[2023-07-13 23:27:09,014][INFO][func:evaluate]: batch
[2023-07-13 23:27:09,462][INFO][func:evaluate]: batch
[2023-07-13 23:27:09,907][INFO][func:evaluate]: batch
[2023-07-13 23:27:10,351][INFO][func:evaluate]: batch
[2023-07-13 23:27:10,797][INFO][func:evaluate]: batch
[2023-07-13 23:27:11,241][INFO][func:evaluate]: batch
[2023-07-13 23:27:11,684][INFO][func:evaluate]: batch
[2023-07-13 23:27:12,129][INFO][func:evaluate]: batch
[2023-07-13 23:27:12,574][INFO][func:evaluate]: batch
[2023-07-13 23:27:13,019][INFO][func:evaluate]: batch
[2023-07-13 23:27:13,463][INFO][func:evaluate]: batch
[2023-07-13 23:27:13,907][INFO][func:evaluate]: batch
[2023-07-13 23:27:14,352][INFO][func:evaluate]: batch
[2023-07-13 23:27:14,796][INFO][func:evaluate]: batch
[2023-07-13 23:27:15,240][INFO][func:evaluate]: batch
[2023-07-13 23:27:15,685][INFO][func:evaluate]: batch
[2023-07-13 23:27:16,130][INFO][func:evaluate]: batch
[2023-07-13 23:27:16,574][INFO][func:evaluate]: batch
[2023-07-13 23:27:17,018][INFO][func:evaluate]: batch
[2023-07-13 23:27:17,462][INFO][func:evaluate]: batch
[2023-07-13 23:27:17,906][INFO][func:evaluate]: batch
[2023-07-13 23:27:18,351][INFO][func:evaluate]: batch
[2023-07-13 23:27:18,794][INFO][func:evaluate]: batch
[2023-07-13 23:27:19,237][INFO][func:evaluate]: batch
[2023-07-13 23:27:19,681][INFO][func:evaluate]: batch
[2023-07-13 23:27:20,125][INFO][func:evaluate]: batch
[2023-07-13 23:27:20,570][INFO][func:evaluate]: batch
[2023-07-13 23:27:21,015][INFO][func:evaluate]: batch
[2023-07-13 23:27:21,459][INFO][func:evaluate]: batch
[2023-07-13 23:27:21,904][INFO][func:evaluate]: batch
[2023-07-13 23:27:22,349][INFO][func:evaluate]: batch
[2023-07-13 23:27:22,792][INFO][func:evaluate]: batch
[2023-07-13 23:27:23,237][INFO][func:evaluate]: batch
[2023-07-13 23:27:23,680][INFO][func:evaluate]: batch
